


ARM Macro Assembler    Page 1 


    1 00000000         ; –ü–æ–¥–∫–ª—é—á–∏—Ç—å —Ñ–∞–π–ª —Å –º–∞–∫—Ä–æ–±–∏–±–ª–∏—Ç–µ–∫–æ–π —Ñ—É–Ω–∫—Ü–∏–π
    2 00000000         ; –±–∏—Ç–æ–≤–æ–≥–æ —Å–æ–ø—Ä–æ—Ü–µ—Å—Å–æ—Ä–∞
    3 00000000                 INCLUDE          MacroBit.lib
    1 00000000         ; –ú–∞–∫—Ä–æ–±–∏–±–ª–∏–æ—Ç–µ–∫–∞ –∫–æ–º–∞–Ω–¥ –±–∏—Ç–æ–≤–æ–≥–æ —Å–æ–ø—Ä–æ—Ü–µ—Å—Å–æ—Ä–∞
    2 00000000         ;*********************************************************
    3 00000000         ; –ó–∞–≥—Ä—É–∑–∫–∞ –±–∏—Ç–∞ —Å –∑–∞–¥–∞–Ω–Ω—ã–º –Ω–æ–º–µ—Ä–æ–º –≤ –±–∏—Ç–æ–≤—ã–π –∞–∫–∫—É–º—É–ª—è—Ç–æ—Ä
    4 00000000                 MACRO
    5 00000000                 L_Bit            $A,$R,$N
    6 00000000                 LSL              $A,$R,#(31-$N)
    7 00000000                 MEND
    8 00000000         ;********************************************************* 
    9 00000000         
   10 00000000         ;*********************************************************
   11 00000000         ; "–õ–æ–≥–∏—á–µ—Å–∫–æ–µ –ò" –±–∏—Ç–∞ —Å –±–∏—Ç–æ–≤—ã–º –∞–∫–∫—É–º—É–ª—è—Ç–æ—Ä–æ–º
   12 00000000                 MACRO
   13 00000000                 AND_Bit          $A,$R,$N
   14 00000000                 ANDS             $A,$R,LSL #(31-$N)
   15 00000000                 MEND
   16 00000000         ;********************************************************* 
   17 00000000         ;*********************************************************
   18 00000000         ; "–õ–æ–≥–∏—á–µ—Å–∫–æ–µ –ò –ù–ï" –±–∏—Ç–∞ —Å –±–∏—Ç–æ–≤—ã–º –∞–∫–∫—É–º—É–ª—è—Ç–æ—Ä–æ–º
   19 00000000                 MACRO
   20 00000000                 ANDN_Bit         $A,$R,$N
   21 00000000                 BICS             $A,$R,LSL #(31-$N)
   22 00000000                 MEND
   23 00000000         ;********************************************************* 
   24 00000000         ;*********************************************************
   25 00000000         ; "–õ–æ–≥–∏—á–µ—Å–∫–æ–µ –ò–õ–ò" –±–∏—Ç–∞ —Å –±–∏—Ç–æ–≤—ã–º –∞–∫–∫—É–º—É–ª—è—Ç–æ—Ä–æ–º
   26 00000000                 MACRO
   27 00000000                 ORR_Bit          $A,$R,$N
   28 00000000                 ORRS             $A,$R,LSL #(31-$N)
   29 00000000                 MEND
   30 00000000         ;********************************************************* 
   31 00000000         ;*********************************************************
   32 00000000         ; "–õ–æ–≥–∏—á–µ—Å–∫–æ–µ –ò–õ–ò –ù–ï" –±–∏—Ç–∞ —Å –±–∏—Ç–æ–≤—ã–º –∞–∫–∫—É–º—É–ª—è—Ç–æ—Ä–æ–º
   33 00000000                 MACRO
   34 00000000                 ORN_Bit          $A,$R,$N
   35 00000000                 ORNS             $A,$R,LSL #(31-$N)
   36 00000000                 MEND
   37 00000000         ;*********************************************************
   38 00000000         ;*********************************************************
   39 00000000         ; "–õ–æ–≥–∏—á–µ—Å–∫–æ–µ –ò—Å–∫–ª—é—á–∞—é—â–µ–µ –ò–õ–ò" –±–∏—Ç–∞ —Å –±–∏—Ç–æ–≤—ã–º –∞–∫–∫—É–º—É–ª—è—Ç–æ—Ä–æ–º
   40 00000000                 MACRO
   41 00000000                 EOR_Bit          $A,$R,$N
   42 00000000                 EORS             $A,$R,LSL #(31-$N)
   43 00000000                 MEND
   44 00000000         ;*********************************************************
   45 00000000         
   46 00000000         ;*********************************************************
   47 00000000         ; "–õ–æ–≥–∏—á–µ—Å–∫–æ–µ –ù–ï" –±–∏—Ç–æ–≤–æ–≥–æ –∞–∫–∫—É–º—É–ª—è—Ç–æ—Ä–∞
   48 00000000                 MACRO
   49 00000000                 NOT_A            $A
   50 00000000                 MVNS             $A,$A
   51 00000000                 MEND
   52 00000000         ;*********************************************************
   53 00000000         
   54 00000000         ;*********************************************************
   55 00000000         ; –°–æ—Ö—Ä–∞–Ω–∏—Ç—å —Å–æ–¥–µ—Ä–∂–∏–º–æ–µ –±–∏—Ç–æ–≤–æ–≥–æ –∞–∫–∫—É–º—É–ª—è—Ç–æ—Ä–∞ 
   56 00000000         ; –≤ –∑–∞–¥–∞–Ω–Ω–æ–º –±–∏—Ç–µ —Ä–µ–≥–∏—Å—Ç—Ä–∞ 



ARM Macro Assembler    Page 2 


   57 00000000                 MACRO
   58 00000000                 S_Bit            $A, $R, $N
   59 00000000                 ORRMI            $R,#(1<<$N)
   60 00000000                 BICPL            $R,#(1<<$N)
   61 00000000                 MEND
   62 00000000         ;*********************************************************
   63 00000000         
   64 00000000         ; –ö–æ–Ω–µ—Ü –∞—Å—Å–µ–º–±–ª–µ—Ä–Ω–æ–≥–æ —Ç–µ–∫—Å—Ç–∞
   65 00000000                 END
    4 00000000         
    5 00000000         ; –û–±—ä—è–≤–∏—Ç—å –∫–æ–¥–æ–≤—É—é —Å–µ–∫—Ü–∏—é MyCode
    6 00000000                 AREA             MyCode11, CODE, ReadOnly
    7 00000000         ; –û–±—ä—è–≤–∏—Ç—å —Ç–æ—á–∫—É –≤—Ö–æ–¥–∞ –≤ –ø—Ä–æ–≥—Ä–∞–º–º—É –ø—Ä–∏–ª–æ–∂–µ–Ω–∏—è 
    8 00000000         ;    ENTRY
    9 00000000         ; –û–±—ä–≤–∏—Ç—å —Ç–æ—á–∫—É –≤—Ö–æ–¥–∞ –≥–ª–æ–±–∞–ª—å–Ω–æ–π –ø–µ—Ä–µ–º–µ–Ω–Ω–æ–π
   10 00000000         
   11 00000000         
   12 00000000         
   13 00000000         ; –†–µ–∞–ª–∏–∑–∞—Ü–∏—è –ª–æ–≥–∏—á–µ—Å–∫–æ–≥–æ –∫–æ–Ω—Ç—Ä–æ–ª–ª–µ—Ä–∞ —Å –∏—Å–ø–æ–ª—å–∑–æ–≤–∞–Ω–∏–µ–º
   14 00000000         ; –º–∞–∫—Ä–æ–±–∏–±–ª–∏–æ—Ç–µ–∫–∏ —Ñ—É–Ω–∫—Ü–∏–π –±–∏—Ç–æ–≤–æ–≥–æ —Å–æ–ø—Ä–æ—Ü–µ—Å—Å–æ—Ä–∞
   15 00000000         ; –ó–∞–≥—Ä—É–∑–∏—Ç—å –≤–µ–∫—Ç–æ—Ä –≤—Ö–æ–¥–∞ X –∏–∑ –ø–∞–º—è—Ç–∏
   16 00000000         
   17 00000000         
   18 00000000         
   19 00000000         ; –†–∞—Å—á–µ—Ç –§—É–Ω–∫—Ü–∏–∏ y0
   20 00000000         
   21 00000000         
   22 00000000         
   23 00000000         
   24 00000000         
   25 00000000         
   26 00000000         
   27 00000000         
   28 00000000         
   29 00000000         
   30 00000000         
   31 00000000         
   32 00000000         ; –ù–µ –∑–∞–±—É–¥—å—Ç–µ —É—Å—Ç–∞–Ω–æ–≤–∏—Ç—å —Ñ–ª–∞–≥–∏
   33 00000000         
   34 00000000         
   35 00000000         
   36 00000000         ; –†–∞—Å—á–µ—Ç —Ñ—É–Ω–∫—Ü–∏–∏ y23
   37 00000000         
   38 00000000         
   39 00000000         
   40 00000000         
   41 00000000         
   42 00000000         ; –†–∞—Å—á–µ—Ç —Ñ—É–Ω–∫—Ü–∏—è y24
   43 00000000         
   44 00000000         
   45 00000000         
   46 00000000         
   47 00000000         
   48 00000000         ; –í—ã–≤–µ—Å—Ç–∏ —É–ø—Ä–∞–≤–ª—è—é—â–∏–µ –≤–æ–∑–¥–µ–π—Å—Ç–≤–∏—è –≤ –ø–æ—Ä—Ç –≤—ã–≤–æ–¥–∞
   49 00000000         
   50 00000000         
   51 00000000         ; –ü–æ–≤—Ç–æ—Ä–∏—Ç—å —Ü–∏–∫–ª –ª–æ–≥–∏—á–µ—Å–∫–æ–≥–æ –∫–æ–Ω—Ç—Ä–æ–ª–ª–µ—Ä–∞
   52 00000000         
   53 00000000         



ARM Macro Assembler    Page 3 


   54 00000000         ; –û—Å—Ç–∞–Ω–æ–≤
   55 00000000 4770            BX               lr
   56 00000002         
   57 00000002         
   58 00000002         ; –û–±—ä—è–≤–ª–µ–Ω–∏–µ —Å–µ–∫—Ü–∏–∏ –¥–∞–Ω–Ω—ã—Ö –≤ –ø–∞–º—è—Ç –¥–∞–Ω–Ω—ã—Ö
   59 00000002         
   60 00000002         ; –†–µ–∑–µ—Ä–≤–∏—Ä–æ–≤–∞–Ω–∏–µ 2-—Ö —Å–ª–æ–≤ –ø–æ–¥ 
   61 00000002         ; –≤–µ–∫—Ç–æ—Ä –≤—Ö–æ–¥–∞ X –∏ –≤–µ–∫—Ç–æ—Ä –≤—ã—Ö–æ–¥–∞ Y
   62 00000002         
   63 00000002         
   64 00000002         
   65 00000002         ; –ö–æ–Ω–µ—Ü –∞—Å—Å–µ–º–±–ª–µ—Ä–Ω–æ–≥–æ —Ç–µ–∫—Å—Ç–∞
   66 00000002                 END
Command Line: --debug --xref --width=132 --diag_suppress=9931 --cpu=Cortex-M4.fp.sp --depend=.\objects\11logic—ontroller.d -o.\objec
ts\11logic—ontroller.o -IC:\Users\user1\AppData\Local\Arm\Packs\ARM\CMSIS\5.9.0\Device\ARM\ARMCM4\Include --predefine="__UVISION_VER
SION SETA 537" --predefine="ARMCM4_FP SETA 1" --list=.\listings\11logic—ontroller.lst src\AssemblerPractice\11Logic—ontroller.s



ARM Macro Assembler    Page 1 Alphabetic symbol ordering
Relocatable symbols

MyCode11 00000000

Symbol: MyCode11
   Definitions
      At line 6 in file src\AssemblerPractice\11Logic
   Uses
      None
Comment: MyCode11 unused
1 symbol
334 symbols in table
