


ARM Macro Assembler    Page 1 


    1 00000000         ; –í–æ–∑–º–æ–∂–Ω–æ—Å—Ç–∏ –±–∏—Ç–æ–≤–æ–≥–æ —Å–æ–ø—Ä–æ—Ü–µ—Å—Å–æ—Ä–∞
    2 00000000         ; –ë–∏—Ç–æ–≤—ã–µ –ª–µ–Ω—Ç—ã (Bit_Mapping) –≤ –ø–∞–º—è—Ç–∏ –¥–∞–Ω–Ω—ã—Ö 
    3 00000000         ; –∏ –≤ –ø–∞–º—è—Ç–∏ –ø–µ—Ä–∏—Ñ–µ—Ä–∏–π–Ω—ã—Ö —É—Å—Ç—Ä–æ–π—Å—Ç–≤
    4 00000000         
    5 00000000         ; –û–±—ä—è–≤–∏—Ç—å –∫–æ–¥–æ–≤—É—é —Å–µ–∫—Ü–∏—é MyCode
    6 00000000                 AREA             MyCode14_2, CODE, ReadOnly
    7 00000000         ; –û–±—ä—è–≤–∏—Ç—å —Ç–æ—á–∫—É –≤—Ö–æ–¥–∞ –≤ –ø—Ä–æ–≥—Ä–∞–º–º—É –ø—Ä–∏–ª–æ–∂–µ–Ω–∏—è 
    8 00000000                 ENTRY
    9 00000000         ; –û–±—ä–≤–∏—Ç—å —Ç–æ—á–∫—É –≤—Ö–æ–¥–∞ –≥–ª–æ–±–∞–ª—å–Ω–æ–π –ø–µ—Ä–µ–º–µ–Ω–Ω–æ–π
   10 00000000                 EXPORT           BitAddressableRegisters_V2
   11 00000000         BitAddressableRegisters_V2
   12 00000000         ; –û–±—ä—è–≤–ª–µ–Ω–∏–µ –∞–¥—Ä–µ—Å–æ–≤ —Ä–µ–≥–∏—Å—Ç—Ä–æ–≤ –≤—Ö–æ–¥–Ω—ã—Ö –±–∏—Ç–æ–≤—ã—Ö –ø–µ—Ä–µ–º–µ–Ω–Ω—ã—Ö X
                       
   13 00000000         ; –∏ –≤—ã—Ö–æ–¥–Ω—ã—Ö —É–ø—Ä–∞–≤–ª—è—é—â–∏—Ö –≤–æ–∑–¥–µ–π—Å—Ç–≤–∏–π Y
   14 00000000         ; –≤ –æ–±–ª–∞—Å—Ç–∏ –ø–æ-–±–∏—Ç–æ–≤–æ, –ø–æ-–±–∞–π—Ç–æ–≤–æ –∞–¥—Ä–µ—Å—É–µ–º–æ–π –ø–∞–º—è—Ç–∏ –ü–£
   15 00000000 40000000 
                       Port_X  EQU              0x40000000
   16 00000000 40000004 
                       Port_Y  EQU              0x40000004
   17 00000000         ; –û–±—ä—è–≤–ª–µ–Ω–∏–µ –ø—Å–µ–≤–¥–æ-–∞–¥—Ä–µ—Å–æ–≤ –¥–æ—Å—Ç—É–ø–∞ –∫ –±–∏—Ç–∞–º –≤–µ–∫—Ç–æ—Ä–∞ X
   18 00000000 42000000 
                       x0      EQU              0x42000000
   19 00000000 42000004 
                       x1      EQU              0x42000004
   20 00000000 42000008 
                       x2      EQU              0x42000008
   21 00000000 4200000C 
                       x3      EQU              0x4200000c
   22 00000000 42000010 
                       x4      EQU              0x42000010
   23 00000000 42000014 
                       x5      EQU              0x42000014
   24 00000000 42000018 
                       x6      EQU              0x42000018
   25 00000000 4200001C 
                       x7      EQU              0x4200001C
   26 00000000         ; –û–±—ä—è–≤–ª–µ–Ω–∏–µ –ø—Å–µ–≤–¥–æ-–∞–¥—Ä–µ—Å–æ–≤ –¥–æ—Å—Ç—É–ø–∞ –∫ –±–∏—Ç–∞–º –≤–µ–∫—Ç–æ—Ä–∞ Y
   27 00000000 42000080 
                       y0      EQU              0x42000080
   28 00000000 42000084 
                       y1      EQU              0x42000084
   29 00000000 42000088 
                       y2      EQU              0x42000088
   30 00000000 4200008C 
                       y3      EQU              0x4200008c
   31 00000000 42000090 
                       y4      EQU              0x42000090
   32 00000000 42000094 
                       y5      EQU              0x42000094
   33 00000000 42000098 
                       y6      EQU              0x42000098
   34 00000000 4200009C 
                       y7      EQU              0x4200009C
   35 00000000         
   36 00000000         ; –°—á–∏—Ç–∞—Ç—å –±–∏—Ç–æ–≤—ã–µ –∫–æ–º–ø–æ–Ω–µ–Ω—Ç—ã –≤–µ–∫—Ç–æ—Ä–∞ X –≤ —Å–æ–æ—Ç–≤–µ—Ç—Å—Ç–≤—É—é—â–∏–µ 
   37 00000000         ; —Ä–µ–≥–∏—Å—Ç—Ä—ã –ø—Ä–æ—Ü–µ—Å–æ—Ä–∞ x0-> r0;... x7->r7
   38 00000000         Load_Bit
   39 00000000         ; –ò–Ω–∏—Ü–∏–∞–ª–∏–∑–∞—Ü–∏—è –±–∞–∑–æ–≤–æ–≥–æ —Ä–µ–≥–∏—Å—Ç—Ä–∞ r10 –∞–¥—Ä–µ—Å–æ–º x0
   40 00000000         ;    MOV r10, #x0



ARM Macro Assembler    Page 2 


   41 00000000         ; –ü–æ–ª—É—á–∏—Ç—å –æ—á–µ—Ä–µ–¥–Ω–æ–π –±–∏—Ç –≤ –æ–¥–Ω–æ–∏–º–µ–Ω–Ω—ã–π —Ä–µ–≥–∏—Å—Ç—Ä —Å –ø–æ—Å—Ç-—Å–º–µ—â–µ–
                       Ω–∏–µ–º
   42 00000000         ; —Å–æ–¥–µ—Ä–∂–∏–º–æ–≥–æ —É–∫–∞–∑–∞—Ç–µ–ª—è –Ω–∞ 4
   43 00000000         ;    LDR r0,[r10],#4
   44 00000000         ;    LDR r1,[r10],#4
   45 00000000         ;    LDR r2,[r10],#4
   46 00000000         ;    LDR r3,[r10],#4
   47 00000000         ;    LDR r4,[r10],#4
   48 00000000         ;    LDR r5,[r10],#4
   49 00000000         ;    LDR r6,[r10],#4
   50 00000000         ;    LDR r7,[r10]
   51 00000000         
   52 00000000         ; –ë–æ–ª–µ–µ —ç—Ñ—Ñ–µ–∫—Ç–∏–≤–Ω–∞ –≥—Ä—É–ø–ø–æ–≤–∞—è –∑–∞–≥—Ä—É–∑–∫–∞ —Ä–µ–≥–∏—Å—Ç—Ä–æ–≤ –¶–ü–£
   53 00000000         ; –ò–Ω–∏—Ü–∏–∞–ª–∏–∑–∞—Ü–∏—è –±–∞–∑–æ–≤–æ–≥–æ —Ä–µ–≥–∏—Å—Ç—Ä–∞ r10 –∞–¥—Ä–µ—Å–æ–º x0
   54 00000000 F04F 4A84       MOV              r10, #x0
   55 00000004         ; –ó–∞–≥—Ä—É–∑–∫–∞ –≤—Å–µ—Ö 8-–∏ —Ä–µ–≥–∏—Å—Ç—Ä–æ–≤ –¶–ü–£ –±–∏—Ç–æ–≤—ã–º–∏ –ø–µ—Ä–µ–º–µ–Ω–Ω—ã–º–∏
   56 00000004 E89A 00FF       LDM              r10,{r0-r7}
   57 00000008         ; –í—Å–µ –∫–æ–º–ø–æ–Ω–µ–Ω—Ç—ã –≤–µ–∫—Ç–æ—Ä–∞ X –∑–∞–≥—É–∂–µ–Ω—ã –≤ –æ–¥–Ω–æ–∏–º–µ–Ω–Ω—ã–µ —Ä–µ–≥–∏—Å—Ç—Ä—ã –¶
                       –ü–£ 
   58 00000008         ; –∏ –≤—ã—Ä–æ–≤–Ω–µ–Ω—ã –ø–æ –º–ª–∞–¥—à–µ–º—É –±–∏—Ç—É —Å –∞–≤—Ç–æ-–æ—á–∏—Å–∫–æ–π –≤—Å–µ—Ö —Å—Ç–∞—Ä—à–∏—Ö –±–
                       ∏—Ç
   59 00000008         ; –ü—Ä–∏–º–µ—Ä –≤—ã—á–∏—Å–ª–µ–Ω–∏—è –¥–≤—É—Ö –±–∏—Ç–æ–≤—ã—Ö —É–ø—Ä–∞–≤–ª—è—é—â–∏—Ö –≤–æ–∑–¥–µ–π—Å—Ç–≤–∏–π
   60 00000008         ; –º–µ—Ç–æ–¥–æ–º —Ç–µ—Å—Ç–∏—Ä–æ–≤–∞–Ω–∏—è –±–∏—Ç–æ–≤—ã—Ö –ø–µ—Ä–µ–º–µ–Ω–Ω—ã—Ö
   61 00000008         ; –†–∞—Å—á–µ—Ç y0=(x0+x1)*/x7 
   62 00000008         ; –ó–∞–≥—Ä—É–∑–∏—Ç—å –≤ —Ä–µ–≥–∏—Å—Ç—Ä r10 –ø—Å–µ–≤–¥–æ-–∞–¥—Ä–µ—Å y0
   63 00000008         ; (–±—É–¥–µ—Ç –∏—Å–ø–æ–ª—å–∑–æ–≤–∞—Ç—å—Å—è –¥–ª—è –≤—ã–≤–æ–¥–∞)
   64 00000008 F8DF A054       LDR              r10,=y0
   65 0000000C         ; –ï—Å–ª–∏ –±–∏—Ç x7 —Ä–∞–≤–µ–Ω "1" - —Å–±—Ä–æ—Å–∏—Ç—å y0
   66 0000000C F017 0F01       TST              r7,#1
   67 00000010 D105            BNE              CLR_y0
   68 00000012         ; –ï—Å–ª–∏ –±–∏—Ç x0 —Ä–∞–≤–µ–Ω "1" - —É—Å—Ç–∞–Ω–æ–≤–∏—Ç—å y0
   69 00000012 F010 0F01       TST              r0,#1
   70 00000016 D107            BNE              SET_y0
   71 00000018         ; –ï—Å–ª–∏ –±–∏—Ç x1 —Ä–∞–≤–µ–Ω "1" - —É—Å—Ç–∞–Ω–æ–≤–∏—Ç—å y0 
   72 00000018 F011 0F01       TST              r1,#1
   73 0000001C D104            BNE              SET_y0
   74 0000001E         ; –í –ø—Ä–æ—Ç–∏–≤–Ω–æ–º —Å–ª—É—á–∞–µ - —Å–±—Ä–æ—Å–∏—Ç—å y0
   75 0000001E         ; –°–±—Ä–æ—Å–∏—Ç—å y0
   76 0000001E         CLR_y0
   77 0000001E F04F 0B00       MOV              r11,#0
   78 00000022 F8CA B000       STR              r11,[r10]
   79 00000026 E003            B                NEXT
   80 00000028         SET_y0
   81 00000028 F04F 0B01       MOV              r11,#1
   82 0000002C F8CA B000       STR              r11,[r10]
   83 00000030         NEXT
   84 00000030         ; –†–∞—Å—á–µ—Ç y1=(x0*x1*/x2)+ x6
   85 00000030         ; –ó–∞–≥—Ä—É–∑–∏—Ç—å –≤ —Ä–µ–≥–∏—Å—Ç—Ä r10 –ø—Å–µ–≤–¥–æ-–∞–¥—Ä–µ—Å y1
   86 00000030         ; (–±—É–¥–µ—Ç –∏—Å–ø–æ–ª—å–∑–æ–≤–∞—Ç—å—Å—è –¥–ª—è –≤—ã–≤–æ–¥–∞)
   87 00000030 F8DF A030       LDR              r10,=y1
   88 00000034         ; –ï—Å–ª–∏ –±–∏—Ç x6 —Ä–∞–≤–µ–Ω "1" - —É—Å—Ç–∞–Ω–æ–≤–∏—Ç—å y1
   89 00000034 F016 0F01       TST              r6,#1
   90 00000038 D108            BNE              SET_y1
   91 0000003A         ; –ï—Å–ª–∏ –±–∏—Ç x0 —Ä–∞–≤–µ–Ω "0" - —Å–±—Ä–æ—Å–∏—Ç—å y1
   92 0000003A F010 0F01       TST              r0,#1
   93 0000003E D00A            BEQ              CLR_y1
   94 00000040         ; –ï—Å–ª–∏ –±–∏—Ç x1 —Ä–∞–≤–µ–Ω "0" - —Å–±—Ä–æ—Å–∏—Ç—å y1
   95 00000040 F011 0F01       TST              r1,#1
   96 00000044 D007            BEQ              CLR_y1



ARM Macro Assembler    Page 3 


   97 00000046         ; –ï—Å–ª–∏ –±–∏—Ç x2 —Ä–∞–≤–µ–Ω "1" - —Å–±—Ä–æ—Å–∏—Ç—å y1
   98 00000046 F012 0F01       TST              r2,#1
   99 0000004A D004            BEQ              CLR_y1
  100 0000004C         ; –í –ø—Ä–æ—Ç–∏–≤–Ω–æ–º —Å–ª—É—á–∞–µ - —É—Å—Ç–∞–Ω–æ–≤–∏—Ç—å y1
  101 0000004C         SET_y1
  102 0000004C F04F 0B01       MOV              r11,#1
  103 00000050 F8CA B000       STR              r11,[r10]
  104 00000054 E7D4            B                Load_Bit
  105 00000056         CLR_y1
  106 00000056 F04F 0B00       MOV              r11,#0
  107 0000005A F8CA B000       STR              r11,[r10]
  108 0000005E E7CF            B                Load_Bit
  109 00000060         
  110 00000060         
  111 00000060         ; –ö–æ–Ω–µ—Ü –∞—Å—Å–µ–º–±–ª–µ—Ä–Ω–æ–≥–æ —Ç–µ–∫—Å—Ç–∞
  112 00000060                 END
              42000080 
              42000084 
Command Line: --debug --xref --width=132 --diag_suppress=9931 --cpu=Cortex-M4.fp.sp --depend=.\objects\14bitaddressableregistersv2.d
 -o.\objects\14bitaddressableregistersv2.o -IC:\Users\user1\AppData\Local\Arm\Packs\ARM\CMSIS\5.9.0\Device\ARM\ARMCM4\Include --pred
efine="__UVISION_VERSION SETA 537" --predefine="ARMCM4_FP SETA 1" --list=.\listings\14bitaddressableregistersv2.lst src\AssemblerPra
ctice\14BitAddressableRegistersV2.s



ARM Macro Assembler    Page 1 Alphabetic symbol ordering
Relocatable symbols

BitAddressableRegisters_V2 00000000

Symbol: BitAddressableRegisters_V2
   Definitions
      At line 11 in file src\AssemblerPractice\14BitAddressableRegistersV2.s
   Uses
      At line 10 in file src\AssemblerPractice\14BitAddressableRegistersV2.s
Comment: BitAddressableRegisters_V2 used once
CLR_y0 0000001E

Symbol: CLR_y0
   Definitions
      At line 76 in file src\AssemblerPractice\14BitAddressableRegistersV2.s
   Uses
      At line 67 in file src\AssemblerPractice\14BitAddressableRegistersV2.s
Comment: CLR_y0 used once
CLR_y1 00000056

Symbol: CLR_y1
   Definitions
      At line 105 in file src\AssemblerPractice\14BitAddressableRegistersV2.s
   Uses
      At line 93 in file src\AssemblerPractice\14BitAddressableRegistersV2.s
      At line 96 in file src\AssemblerPractice\14BitAddressableRegistersV2.s
      At line 99 in file src\AssemblerPractice\14BitAddressableRegistersV2.s

Load_Bit 00000000

Symbol: Load_Bit
   Definitions
      At line 38 in file src\AssemblerPractice\14BitAddressableRegistersV2.s
   Uses
      At line 104 in file src\AssemblerPractice\14BitAddressableRegistersV2.s
      At line 108 in file src\AssemblerPractice\14BitAddressableRegistersV2.s

MyCode14_2 00000000

Symbol: MyCode14_2
   Definitions
      At line 6 in file src\AssemblerPractice\14BitAddressableRegistersV2.s
   Uses
      None
Comment: MyCode14_2 unused
NEXT 00000030

Symbol: NEXT
   Definitions
      At line 83 in file src\AssemblerPractice\14BitAddressableRegistersV2.s
   Uses
      At line 79 in file src\AssemblerPractice\14BitAddressableRegistersV2.s
Comment: NEXT used once
SET_y0 00000028

Symbol: SET_y0
   Definitions
      At line 80 in file src\AssemblerPractice\14BitAddressableRegistersV2.s
   Uses
      At line 70 in file src\AssemblerPractice\14BitAddressableRegistersV2.s
      At line 73 in file src\AssemblerPractice\14BitAddressableRegistersV2.s



ARM Macro Assembler    Page 2 Alphabetic symbol ordering
Relocatable symbols


SET_y1 0000004C

Symbol: SET_y1
   Definitions
      At line 101 in file src\AssemblerPractice\14BitAddressableRegistersV2.s
   Uses
      At line 90 in file src\AssemblerPractice\14BitAddressableRegistersV2.s
Comment: SET_y1 used once
8 symbols



ARM Macro Assembler    Page 1 Alphabetic symbol ordering
Absolute symbols

Port_X 40000000

Symbol: Port_X
   Definitions
      At line 15 in file src\AssemblerPractice\14BitAddressableRegistersV2.s
   Uses
      None
Comment: Port_X unused
Port_Y 40000004

Symbol: Port_Y
   Definitions
      At line 16 in file src\AssemblerPractice\14BitAddressableRegistersV2.s
   Uses
      None
Comment: Port_Y unused
x0 42000000

Symbol: x0
   Definitions
      At line 18 in file src\AssemblerPractice\14BitAddressableRegistersV2.s
   Uses
      At line 54 in file src\AssemblerPractice\14BitAddressableRegistersV2.s
Comment: x0 used once
x1 42000004

Symbol: x1
   Definitions
      At line 19 in file src\AssemblerPractice\14BitAddressableRegistersV2.s
   Uses
      None
Comment: x1 unused
x2 42000008

Symbol: x2
   Definitions
      At line 20 in file src\AssemblerPractice\14BitAddressableRegistersV2.s
   Uses
      None
Comment: x2 unused
x3 4200000C

Symbol: x3
   Definitions
      At line 21 in file src\AssemblerPractice\14BitAddressableRegistersV2.s
   Uses
      None
Comment: x3 unused
x4 42000010

Symbol: x4
   Definitions
      At line 22 in file src\AssemblerPractice\14BitAddressableRegistersV2.s
   Uses
      None
Comment: x4 unused
x5 42000014

Symbol: x5



ARM Macro Assembler    Page 2 Alphabetic symbol ordering
Absolute symbols

   Definitions
      At line 23 in file src\AssemblerPractice\14BitAddressableRegistersV2.s
   Uses
      None
Comment: x5 unused
x6 42000018

Symbol: x6
   Definitions
      At line 24 in file src\AssemblerPractice\14BitAddressableRegistersV2.s
   Uses
      None
Comment: x6 unused
x7 4200001C

Symbol: x7
   Definitions
      At line 25 in file src\AssemblerPractice\14BitAddressableRegistersV2.s
   Uses
      None
Comment: x7 unused
y0 42000080

Symbol: y0
   Definitions
      At line 27 in file src\AssemblerPractice\14BitAddressableRegistersV2.s
   Uses
      At line 64 in file src\AssemblerPractice\14BitAddressableRegistersV2.s
Comment: y0 used once
y1 42000084

Symbol: y1
   Definitions
      At line 28 in file src\AssemblerPractice\14BitAddressableRegistersV2.s
   Uses
      At line 87 in file src\AssemblerPractice\14BitAddressableRegistersV2.s
Comment: y1 used once
y2 42000088

Symbol: y2
   Definitions
      At line 29 in file src\AssemblerPractice\14BitAddressableRegistersV2.s
   Uses
      None
Comment: y2 unused
y3 4200008C

Symbol: y3
   Definitions
      At line 30 in file src\AssemblerPractice\14BitAddressableRegistersV2.s
   Uses
      None
Comment: y3 unused
y4 42000090

Symbol: y4
   Definitions
      At line 31 in file src\AssemblerPractice\14BitAddressableRegistersV2.s
   Uses



ARM Macro Assembler    Page 3 Alphabetic symbol ordering
Absolute symbols

      None
Comment: y4 unused
y5 42000094

Symbol: y5
   Definitions
      At line 32 in file src\AssemblerPractice\14BitAddressableRegistersV2.s
   Uses
      None
Comment: y5 unused
y6 42000098

Symbol: y6
   Definitions
      At line 33 in file src\AssemblerPractice\14BitAddressableRegistersV2.s
   Uses
      None
Comment: y6 unused
y7 4200009C

Symbol: y7
   Definitions
      At line 34 in file src\AssemblerPractice\14BitAddressableRegistersV2.s
   Uses
      None
Comment: y7 unused
18 symbols
361 symbols in table
