


ARM Macro Assembler    Page 1 


    1 00000000         ; –í–æ–∑–º–æ–∂–Ω–æ—Å—Ç–∏ –±–∏—Ç–æ–≤–æ–≥–æ —Å–æ–ø—Ä–æ—Ü–µ—Å—Å–æ—Ä–∞
    2 00000000         ; –ë–∏—Ç–æ–≤—ã–µ –ª–µ–Ω—Ç—ã (Bit_Mapping) –≤ –ø–∞–º—è—Ç–∏ –¥–∞–Ω–Ω—ã—Ö 
    3 00000000         ; –∏ –≤ –ø–∞–º—è—Ç–∏ –ø–µ—Ä–∏—Ñ–µ—Ä–∏–π–Ω—ã—Ö —É—Å—Ç—Ä–æ–π—Å—Ç–≤
    4 00000000         
    5 00000000         ; –û–±—ä—è–≤–∏—Ç—å –∫–æ–¥–æ–≤—É—é —Å–µ–∫—Ü–∏—é MyCode
    6 00000000                 AREA             MyCode14_1, CODE, ReadOnly
    7 00000000         ; –û–±—ä—è–≤–∏—Ç—å —Ç–æ—á–∫—É –≤—Ö–æ–¥–∞ –≤ –ø—Ä–æ–≥—Ä–∞–º–º—É –ø—Ä–∏–ª–æ–∂–µ–Ω–∏—è 
    8 00000000                 ENTRY
    9 00000000         ; –û–±—ä–≤–∏—Ç—å —Ç–æ—á–∫—É –≤—Ö–æ–¥–∞ –≥–ª–æ–±–∞–ª—å–Ω–æ–π –ø–µ—Ä–µ–º–µ–Ω–Ω–æ–π
   10 00000000                 EXPORT           BitAddressableRegisters_V1
   11 00000000         BitAddressableRegisters_V1
   12 00000000         ; –û–±—ä—è–≤–ª–µ–Ω–∏–µ –∞–¥—Ä–µ—Å–æ–≤ —Ä–µ–≥–∏—Å—Ç—Ä–æ–≤ –≤—Ö–æ–¥–Ω—ã—Ö –±–∏—Ç–æ–≤—ã—Ö –ø–µ—Ä–µ–º–µ–Ω–Ω—ã—Ö X
                       
   13 00000000         ; –∏ –≤—ã—Ö–æ–¥–Ω—ã—Ö —É–ø—Ä–∞–≤–ª—è—é—â–∏—Ö –≤–æ–∑–¥–µ–π—Å—Ç–≤–∏–π Y
   14 00000000         ; –≤ –æ–±–ª–∞—Å—Ç–∏ –ø–æ-–±–∏—Ç–æ–≤–æ, –ø–æ-–±–∞–π—Ç–æ–≤–æ –∞–¥—Ä–µ—Å—É–µ–º–æ–π –ø–∞–º—è—Ç–∏ –ü–£
   15 00000000 40000000 
                       Port_X  EQU              0x40000000
   16 00000000 40000004 
                       Port_Y  EQU              0x40000004
   17 00000000         ; –û–±—ä—è–≤–ª–µ–Ω–∏–µ –ø—Å–µ–≤–¥–æ-–∞–¥—Ä–µ—Å–æ–≤ –¥–æ—Å—Ç—É–ø–∞ –∫ –±–∏—Ç–∞–º –≤–µ–∫—Ç–æ—Ä–∞ X
   18 00000000 42000000 
                       x0      EQU              0x42000000
   19 00000000 42000004 
                       x1      EQU              0x42000004
   20 00000000 42000008 
                       x2      EQU              0x42000008
   21 00000000 4200000C 
                       x3      EQU              0x4200000c
   22 00000000 42000010 
                       x4      EQU              0x42000010
   23 00000000 42000014 
                       x5      EQU              0x42000014
   24 00000000 42000018 
                       x6      EQU              0x42000018
   25 00000000 4200001C 
                       x7      EQU              0x4200001C
   26 00000000         ; –û–±—ä—è–≤–ª–µ–Ω–∏–µ –ø—Å–µ–≤–¥–æ-–∞–¥—Ä–µ—Å–æ–≤ –¥–æ—Å—Ç—É–ø–∞ –∫ –±–∏—Ç–∞–º –≤–µ–∫—Ç–æ—Ä–∞ Y
   27 00000000 42000080 
                       y0      EQU              0x42000080
   28 00000000 42000084 
                       y1      EQU              0x42000084
   29 00000000 42000088 
                       y2      EQU              0x42000088
   30 00000000 4200008C 
                       y3      EQU              0x4200008c
   31 00000000 42000090 
                       y4      EQU              0x42000090
   32 00000000 42000094 
                       y5      EQU              0x42000094
   33 00000000 42000098 
                       y6      EQU              0x42000098
   34 00000000 4200009C 
                       y7      EQU              0x4200009C
   35 00000000         
   36 00000000         ; –°—á–∏—Ç–∞—Ç—å –±–∏—Ç–æ–≤—ã–µ –∫–æ–º–ø–æ–Ω–µ–Ω—Ç—ã –≤–µ–∫—Ç–æ—Ä–∞ X –≤ —Å–æ–æ—Ç–≤–µ—Ç—Å—Ç–≤—É—é—â–∏–µ 
   37 00000000         ; —Ä–µ–≥–∏—Å—Ç—Ä—ã –ø—Ä–æ—Ü–µ—Å–æ—Ä–∞ x0-> r0;... x7->r7
   38 00000000         Load_Bit
   39 00000000         ; –ò–Ω–∏—Ü–∏–∞–ª–∏–∑–∞—Ü–∏—è –±–∞–∑–æ–≤–æ–≥–æ —Ä–µ–≥–∏—Å—Ç—Ä–∞ r10 –∞–¥—Ä–µ—Å–æ–º x0
   40 00000000         ;    MOV r10, #x0



ARM Macro Assembler    Page 2 


   41 00000000         ; –ü–æ–ª—É—á–∏—Ç—å –æ—á–µ—Ä–µ–¥–Ω–æ–π –±–∏—Ç –≤ –æ–¥–Ω–æ–∏–º–µ–Ω–Ω—ã–π —Ä–µ–≥–∏—Å—Ç—Ä —Å –ø–æ—Å—Ç-—Å–º–µ—â–µ–
                       Ω–∏–µ–º
   42 00000000         ; —Å–æ–¥–µ—Ä–∂–∏–º–æ–≥–æ —É–∫–∞–∑–∞—Ç–µ–ª—è –Ω–∞ 4
   43 00000000         ;    LDR r0,[r10],#4
   44 00000000         ;    LDR r1,[r10],#4
   45 00000000         ;    LDR r2,[r10],#4
   46 00000000         ;    LDR r3,[r10],#4
   47 00000000         ;    LDR r4,[r10],#4
   48 00000000         ;    LDR r5,[r10],#4
   49 00000000         ;    LDR r6,[r10],#4
   50 00000000         ;    LDR r7,[r10]
   51 00000000         
   52 00000000         ; –ë–æ–ª–µ–µ —ç—Ñ—Ñ–µ–∫—Ç–∏–≤–Ω–∞ –≥—Ä—É–ø–ø–æ–≤–∞—è –∑–∞–≥—Ä—É–∑–∫–∞ —Ä–µ–≥–∏—Å—Ç—Ä–æ–≤ –¶–ü–£
   53 00000000         ; –ò–Ω–∏—Ü–∏–∞–ª–∏–∑–∞—Ü–∏—è –±–∞–∑–æ–≤–æ–≥–æ —Ä–µ–≥–∏—Å—Ç—Ä–∞ r10 –∞–¥—Ä–µ—Å–æ–º x0
   54 00000000 F04F 4A84       MOV              r10, #x0
   55 00000004         ; –ó–∞–≥—Ä—É–∑–∫–∞ –≤—Å–µ—Ö 8-–∏ —Ä–µ–≥–∏—Å—Ç—Ä–æ–≤ –¶–ü–£ –±–∏—Ç–æ–≤—ã–º–∏ –ø–µ—Ä–µ–º–µ–Ω–Ω—ã–º–∏
   56 00000004 E89A 00FF       LDM              r10,{r0-r7}
   57 00000008         ; –í—Å–µ –∫–æ–º–ø–æ–Ω–µ–Ω—Ç—ã –≤–µ–∫—Ç–æ—Ä–∞ X –∑–∞–≥—É–∂–µ–Ω—ã –≤ –æ–¥–Ω–æ–∏–º–µ–Ω–Ω—ã–µ —Ä–µ–≥–∏—Å—Ç—Ä—ã –¶
                       –ü–£ 
   58 00000008         ; –∏ –≤—ã—Ä–æ–≤–Ω–µ–Ω—ã –ø–æ –º–ª–∞–¥—à–µ–º—É –±–∏—Ç—É —Å –∞–≤—Ç–æ-–æ—á–∏—Å–∫–æ–π –≤—Å–µ—Ö —Å—Ç–∞—Ä—à–∏—Ö –±–
                       ∏—Ç
   59 00000008         ; –ü—Ä–∏–º–µ—Ä –≤—ã—á–∏—Å–ª–µ–Ω–∏—è –¥–≤—É—Ö –±–∏—Ç–æ–≤—ã—Ö —É–ø—Ä–∞–≤–ª—è—é—â–∏—Ö –≤–æ–∑–¥–µ–π—Å—Ç–≤–∏–π
   60 00000008         ; –†–∞—Å—á–µ—Ç y0=(x0+x1)*/x7 (–±–∏—Ç–æ–≤—ã–π –∞–∫–∫—É–º—É–ª—è—Ç–æ—Ä r11)
   61 00000008 EA40 0B01       ORR              r11,r0,r1
   62 0000000C EA2B 0B07       BIC              r11,r7
   63 00000010         ; –í—ã–≤–æ–¥ —É–ø—Ä–∞–≤–ª—è—é—â–µ–≥–æ –≤–æ–∑–¥–µ–π—Å—Ç–≤–∏—è y0
   64 00000010 F8DF A01C       LDR              r10,=y0
   65 00000014 F8CA B000       STR              r11, [r10]
   66 00000018         ; –†–∞—Å—á–µ—Ç y1=(x0*x1*/x2)+ x6 (–±–∏—Ç–æ–≤—ã–π –∞–∫–∫—É—É–º—É–ª—è—Ç–æ—Ä r11)
   67 00000018 EA00 0B01       AND              r11,r0,r1
   68 0000001C EA2B 0B02       BIC              r11,r2
   69 00000020 EA4B 0B06       ORR              r11,r6
   70 00000024         ; –í—ã–≤–æ–¥ —É–ø—Ä–∞–≤–ª—è—é—â–µ–≥–æ –≤–æ–∑–¥–µ–π—Å—Ç–≤–∏—è y1
   71 00000024 F8DF A00C       LDR              r10,=y1
   72 00000028 F8CA B000       STR              r11, [r10]
   73 0000002C         
   74 0000002C E7E8            B                Load_Bit
   75 0000002E         ; –û—Å—Ç–∞–Ω–æ–≤
   76 0000002E E7FE    Stop    B                Stop
   77 00000030         ; –ö–æ–Ω–µ—Ü –∞—Å—Å–µ–º–±–ª–µ—Ä–Ω–æ–≥–æ —Ç–µ–∫—Å—Ç–∞
   78 00000030                 END
              42000080 
              42000084 
Command Line: --debug --xref --width=132 --diag_suppress=9931 --cpu=Cortex-M4.fp.sp --depend=.\objects\14bitaddressableregistersv1.d
 -o.\objects\14bitaddressableregistersv1.o -IC:\Users\user1\AppData\Local\Arm\Packs\ARM\CMSIS\5.9.0\Device\ARM\ARMCM4\Include --pred
efine="__UVISION_VERSION SETA 537" --predefine="ARMCM4_FP SETA 1" --list=.\listings\14bitaddressableregistersv1.lst src\AssemblerPra
ctice\14BitAddressableRegistersV1.s



ARM Macro Assembler    Page 1 Alphabetic symbol ordering
Relocatable symbols

BitAddressableRegisters_V1 00000000

Symbol: BitAddressableRegisters_V1
   Definitions
      At line 11 in file src\AssemblerPractice\14BitAddressableRegistersV1.s
   Uses
      At line 10 in file src\AssemblerPractice\14BitAddressableRegistersV1.s
Comment: BitAddressableRegisters_V1 used once
Load_Bit 00000000

Symbol: Load_Bit
   Definitions
      At line 38 in file src\AssemblerPractice\14BitAddressableRegistersV1.s
   Uses
      At line 74 in file src\AssemblerPractice\14BitAddressableRegistersV1.s
Comment: Load_Bit used once
MyCode14_1 00000000

Symbol: MyCode14_1
   Definitions
      At line 6 in file src\AssemblerPractice\14BitAddressableRegistersV1.s
   Uses
      None
Comment: MyCode14_1 unused
Stop 0000002E

Symbol: Stop
   Definitions
      At line 76 in file src\AssemblerPractice\14BitAddressableRegistersV1.s
   Uses
      At line 76 in file src\AssemblerPractice\14BitAddressableRegistersV1.s
Comment: Stop used once
4 symbols



ARM Macro Assembler    Page 1 Alphabetic symbol ordering
Absolute symbols

Port_X 40000000

Symbol: Port_X
   Definitions
      At line 15 in file src\AssemblerPractice\14BitAddressableRegistersV1.s
   Uses
      None
Comment: Port_X unused
Port_Y 40000004

Symbol: Port_Y
   Definitions
      At line 16 in file src\AssemblerPractice\14BitAddressableRegistersV1.s
   Uses
      None
Comment: Port_Y unused
x0 42000000

Symbol: x0
   Definitions
      At line 18 in file src\AssemblerPractice\14BitAddressableRegistersV1.s
   Uses
      At line 54 in file src\AssemblerPractice\14BitAddressableRegistersV1.s
Comment: x0 used once
x1 42000004

Symbol: x1
   Definitions
      At line 19 in file src\AssemblerPractice\14BitAddressableRegistersV1.s
   Uses
      None
Comment: x1 unused
x2 42000008

Symbol: x2
   Definitions
      At line 20 in file src\AssemblerPractice\14BitAddressableRegistersV1.s
   Uses
      None
Comment: x2 unused
x3 4200000C

Symbol: x3
   Definitions
      At line 21 in file src\AssemblerPractice\14BitAddressableRegistersV1.s
   Uses
      None
Comment: x3 unused
x4 42000010

Symbol: x4
   Definitions
      At line 22 in file src\AssemblerPractice\14BitAddressableRegistersV1.s
   Uses
      None
Comment: x4 unused
x5 42000014

Symbol: x5



ARM Macro Assembler    Page 2 Alphabetic symbol ordering
Absolute symbols

   Definitions
      At line 23 in file src\AssemblerPractice\14BitAddressableRegistersV1.s
   Uses
      None
Comment: x5 unused
x6 42000018

Symbol: x6
   Definitions
      At line 24 in file src\AssemblerPractice\14BitAddressableRegistersV1.s
   Uses
      None
Comment: x6 unused
x7 4200001C

Symbol: x7
   Definitions
      At line 25 in file src\AssemblerPractice\14BitAddressableRegistersV1.s
   Uses
      None
Comment: x7 unused
y0 42000080

Symbol: y0
   Definitions
      At line 27 in file src\AssemblerPractice\14BitAddressableRegistersV1.s
   Uses
      At line 64 in file src\AssemblerPractice\14BitAddressableRegistersV1.s
Comment: y0 used once
y1 42000084

Symbol: y1
   Definitions
      At line 28 in file src\AssemblerPractice\14BitAddressableRegistersV1.s
   Uses
      At line 71 in file src\AssemblerPractice\14BitAddressableRegistersV1.s
Comment: y1 used once
y2 42000088

Symbol: y2
   Definitions
      At line 29 in file src\AssemblerPractice\14BitAddressableRegistersV1.s
   Uses
      None
Comment: y2 unused
y3 4200008C

Symbol: y3
   Definitions
      At line 30 in file src\AssemblerPractice\14BitAddressableRegistersV1.s
   Uses
      None
Comment: y3 unused
y4 42000090

Symbol: y4
   Definitions
      At line 31 in file src\AssemblerPractice\14BitAddressableRegistersV1.s
   Uses



ARM Macro Assembler    Page 3 Alphabetic symbol ordering
Absolute symbols

      None
Comment: y4 unused
y5 42000094

Symbol: y5
   Definitions
      At line 32 in file src\AssemblerPractice\14BitAddressableRegistersV1.s
   Uses
      None
Comment: y5 unused
y6 42000098

Symbol: y6
   Definitions
      At line 33 in file src\AssemblerPractice\14BitAddressableRegistersV1.s
   Uses
      None
Comment: y6 unused
y7 4200009C

Symbol: y7
   Definitions
      At line 34 in file src\AssemblerPractice\14BitAddressableRegistersV1.s
   Uses
      None
Comment: y7 unused
18 symbols
357 symbols in table
