


ARM Macro Assembler    Page 1 


    1 00000000         ; Объявить кодовую секцию MyCode
    2 00000000                 AREA             MyCode, CODE, READONLY
    3 00000000         ; Объявить точку входа в программу 
    4 00000000                 ENTRY
    5 00000000         ; Объвить точку входа глобальной переменной
    6 00000000                 EXPORT           SimpleOperations
    7 00000000         SimpleOperations
    8 00000000         ; Загрузка регистров общего назначения
    9 00000000         ; непосредственными константами
   10 00000000 F04F 0015       MOV              r0, #21
   11 00000004 F04F 01FA       MOV              r1, #0xfa
   12 00000008 F04F 32F3       MOV              r2, #0xf3f3f3f3
   13 0000000C F04F 1377       MOV              r3, #0x00770077
   14 00000010 F04F 24AA       MOV              r4, #0xAA00AA00
   15 00000014 F64F 75FE       MOV              r5, #65534
   16 00000018         ; Загрузка из других регистров ЦПУ
   17 00000018 4606            MOV              r6, r0
   18 0000001A 460F            MOV              r7, r1
   19 0000001C         ; Загрузка из регистров с предварительным сдвигом
   20 0000001C EA4F 2801       MOV              r8, r1, LSL #8
   21 00000020 EA4F 2922       MOV              r9, r2, ASR #8
   22 00000024 EA4F 0A73       MOV              r10, r3, ROR #1
   23 00000028         ; Загрузка побитово-проинвертированных значений
   24 00000028 EA6F 0B05       MVN              r11, r5
   25 0000002C EA6F 2C01       MVN              r12, r1, LSL #8
   26 00000030         ; Последовательная загрузка 32-разрядных слов
   27 00000030         ; Загрузка только младших полуслов
   28 00000030 F04F 02AA       MOV              r2, #2_10101010
   29 00000034 F64F 73FF       MOVW             r3, #65535
   30 00000038         ; Загрузка только старших полуслов
   31 00000038 F2C0 02EE       MOVT             r2, #2_11101110
   32 0000003C F2C0 03FF       MOVT             r3, #0xFF
   33 00000040         ; Ещё раз последовательная загрузка 32-разрядных слов
   34 00000040 F247 70CD       MOVW             r0, #0x77CD
   35 00000044 F6CA 3034       MOVT             r0, #0xAB34
   36 00000048         ; Тоже самое но со сдвигом
   37 00000048         ; !!!Не работает, потому что обнуляет младшие байты!!!
   38 00000048 F247 71CD       MOVW             r1, #30669
   39 0000004C F64A 3434       MOV              r4, #43828
   40 00000050 EA4F 4104       MOV              r1, r4, LSL #16
   41 00000054         ; Побитовая инвертация одного и того же регистра
   42 00000054 F04F 05FA       MOV              r5, #0xFA
   43 00000058 EA6F 0505       MVN              r5, r5
   44 0000005C         ; Ограничение дальнейшего выполнения программы
   45 0000005C         ;Stop B Stop
   46 0000005C         ; Возврат в программу при помощи линк регистра
   47 0000005C 4770            BX               LR
   48 0000005E         ; Конец ассемблерного текста
   49 0000005E                 END
Command Line: --debug --xref --width=132 --diag_suppress=9931 --cpu=Cortex-M4.fp.sp --depend=.\objects\1simpleoperations.d -o.\objec
ts\1simpleoperations.o -IC:\Users\user1\AppData\Local\Arm\Packs\ARM\CMSIS\5.9.0\Device\ARM\ARMCM4\Include --predefine="__UVISION_VER
SION SETA 537" --predefine="ARMCM4_FP SETA 1" --list=.\listings\1simpleoperations.lst src\AssemblerPractice\1SimpleOperations.s



ARM Macro Assembler    Page 1 Alphabetic symbol ordering
Relocatable symbols

MyCode 00000000

Symbol: MyCode
   Definitions
      At line 2 in file src\AssemblerPractice\1SimpleOperations.s
   Uses
      None
Comment: MyCode unused
SimpleOperations 00000000

Symbol: SimpleOperations
   Definitions
      At line 7 in file src\AssemblerPractice\1SimpleOperations.s
   Uses
      At line 6 in file src\AssemblerPractice\1SimpleOperations.s
Comment: SimpleOperations used once
2 symbols
335 symbols in table
