


ARM Macro Assembler    Page 1 


    1 00000000         ; Объявить кодовую секцию MyCode
    2 00000000                 AREA             MyCode9, CODE, ReadOnly
    3 00000000         ; Объявить точку входа в программу приложения 
    4 00000000                 ENTRY
    5 00000000         ; Объвить точку входа глобальной переменной
    6 00000000                 EXPORT           ArithmeticOpWithLDM_STM
    7 00000000         ArithmeticOpWithLDM_STM
    8 00000000         
    9 00000000         ; Множественная пересылка данных,
   10 00000000         ; арифметические операции
   11 00000000         ;   B Variation_1
   12 00000000         ; Пример использования подпрограммы 
   13 00000000         ; "длинного" беззнакового умножения
   14 00000000         ;   B Variation_2
   15 00000000         ; Пример использования подпрограммы 
   16 00000000         ; "длинного" знакового умножения
   17 00000000 E016            B                Variation_3
   18 00000002         
   19 00000002         
   20 00000002 4770    Back    BX               lr
   21 00000004         
   22 00000004         Variation_1
   23 00000004         ; Демонстрация использования команд умножения и деления 
   24 00000004         ; слов без знака для вычисления выражения 
   25 00000004         ; F=X+(Y*Z)+(W/Q). Распределение регистров ЦПУ:
   26 00000004         ; r0=r1+(r2*r3)+(r4/r5)
   27 00000004         ; Загрузка регистров исходными операндами 
   28 00000004         ; Инициализация базового регстра r6 начальным
   29 00000004         ; адресом таблицы констант в памяти.
   30 00000004 4E20            LDR              r6, =A_ROM9
   31 00000006         ; Множественная загрузка регистров
   32 00000006 E896 003E       LDM              r6, {r1-r5}
   33 0000000A         ; Основной вычислительный алгоритм
   34 0000000A         ; Вычисление выражения (r4/r5)
   35 0000000A FBB4 F4F5       UDIV             r4, r5      ; Частное в r4
   36 0000000E         ; Вычисление выражения (r2*r3)
   37 0000000E FB02 F203       MUL              r2, r3      ; Произведение в r2
   38 00000012         ; Cуммирование компонент
   39 00000012 EB01 0002       ADD              r0, r1, r2
   40 00000016 4420            ADD              r0, r4
   41 00000018         ; Сохранение промежуточных и итогового результата
   42 00000018         ; в памяти для анализа
   43 00000018         ; Инициализация базового регистра r6 начальным 
   44 00000018         ; адресом области ОЗУ 
   45 00000018 4E1C            LDR              r6, =A_RAM9
   46 0000001A         ; Множественное сохранение содержимого регистров
   47 0000001A C63F            STM              r6!, {r0-r5}
   48 0000001C         ; Выйти из подпрограммы
   49 0000001C E7F1            B                Back
   50 0000001E         ****************************************************
   51 0000001E         
   52 0000001E         
   53 0000001E         Variation_2
   54 0000001E         ; Пример использования подпрограммы "длинного" умножения
   55 0000001E         ; слов без знака 
   56 0000001E                 IMPORT           MUL_U32_U32
   57 0000001E         ; Определение числа исходных 32-разрядных слов в массиве
   58 0000001E 00000006 
                       N_32    EQU              6



ARM Macro Assembler    Page 2 


   59 0000001E         ; Передача параметров в подпрограмму умножения и ее вызов
   60 0000001E         ; Загрузка начального адреса размещения слов в ПЗУ
   61 0000001E 481C            LDR              r0, =A_ROM9_2
   62 00000020         ; Загрузка начального адреса размещения произведений в ОЗУ
   63 00000020 491A            LDR              r1, =A_RAM9
   64 00000022         ; Загрузка счетчика числа циклов
   65 00000022 F04F 0203       MOV              r2, #(N_32/2)
   66 00000026         ; Назначение возвратного регистра
   67 00000026 F8DF C06C       LDR              r12, =BackLinkV1
   68 0000002A         ; Вызов подпрограммы
   69 0000002A F7FF BFFE       B                MUL_U32_U32
   70 0000002E         ; Выход из подпрограммы
   71 0000002E         BackLinkV1
   72 0000002E 4770            BX               lr
   73 00000030         ****************************************************
   74 00000030         
   75 00000030         
   76 00000030         Variation_3
   77 00000030         ; Пример использования подпрограммы "длинного" умножения
   78 00000030         ; слов без знака 
   79 00000030                 IMPORT           MUL_S32_S32
   80 00000030         ; Определение числа исходных 32-разрядных слов в массиве
   81 00000030         ;N_32  EQU 6
   82 00000030         ; Передача параметров в подпрограмму умножения и ее вызов
   83 00000030         ; Загрузка начального адреса размещения слов в ПЗУ
   84 00000030 4819            LDR              r0, =A_ROM9_3
   85 00000032         ; Загрузка начального адреса размещения произведений в ОЗУ
   86 00000032 4916            LDR              r1, =A_RAM9
   87 00000034         ; Загрузка счетчика числа циклов
   88 00000034 F04F 0203       MOV              r2, #(N_32/2)
   89 00000038         ; Назначение возвратного регистра
   90 00000038 F8DF C060       LDR              r12, =BackLinkV2
   91 0000003C         ; Вызов подпрограммы
   92 0000003C F7FF BFFE       B                MUL_S32_S32
   93 00000040         ; Выход из подпрограммы
   94 00000040         BackLinkV2
   95 00000040 4770            BX               lr
   96 00000042         
   97 00000042         
   98 00000042 00 00           ALIGN
   99 00000044         ; Инициализация констант в текущей кодовой секции
  100 00000044         ; 32-разрядные слова без знака
  101 00000044         A_ROM9
  102 00000044 00007839 
                       X       DCD              30777
  103 00000048 000000C8 
                       Y       DCD              200
  104 0000004C 0000000A 
                       Z       DCD              10
  105 00000050 00001B58 
                       W       DCD              7000
  106 00000054 00000014 
                       Q       DCD              20
  107 00000058         
  108 00000058         A_ROM9_2
  109 00000058 000AAE60 
                       XX      DCD              700000
  110 0000005C 00000014 
                       YY      DCD              20



ARM Macro Assembler    Page 3 


  111 00000060 001A24D9 
                       ZZ      DCD              1713369
  112 00000064 00007D92 
                       WW      DCD              32146
  113 00000068 00001004 
                       QQ      DCD              4100
  114 0000006C 00000002 
                       FF      DCD              2
  115 00000070         
  116 00000070         A_ROM9_3
  117 00000070 000AAE60 
                       XXX     DCD              +700000
  118 00000074 FFFFFF38 
                       YYY     DCD              -200
  119 00000078 FFE5DB27 
                       ZZZ     DCD              -1713369
  120 0000007C FFFF826E 
                       WWW     DCD              -32146
  121 00000080 FFFFEFFC 
                       QQQ     DCD              -4100
  122 00000084 0000001E 
                       FFF     DCD              +30
  123 00000088         
  124 00000088         ; Секция данных в ОЗУ
  125 00000088 00000000 
              00000000 
              00000000 
              00000000 
              00000000 
              00000000 
              00000000 
              00000000         AREA             MyData, DATA, ReadWrite
  126 00000000         A_RAM9
  127 00000000 00 00 00 
              00 00 00 
              00 00 00 
              00 00 00 
              00 00 00 
              00 00 00 
              00 00 00 
              00 00 00 
              00 00 00 
              00 00 00 
              00 00 00 
              00 00 00 
              00 00 00 
              00 00 00 
              00 00 00 
              00 00 00 
              00 00 00 
              00 00 00 
              00 00 00 
              00 00 00 
              00 00 00 
              00 00 00 
              00 00 00 
              00 00 00 
              00 00 00 
              00 00 00 



ARM Macro Assembler    Page 4 


              00 00 00 
              00 00 00 
              00 00 00 
              00 00 00 
              00 00 00 
              00 00 00 
              00 00 00 
              00 00 00 
              00 00 00 
              00 00 00 
              00 00 00 
              00 00 00 
              00 00 00 
              00 00 00 
              00 00 00 
              00 00 00 
              00 00 00 
              00 00 00 
              00 00 00 
              00 00 00 
              00 00 00 
              00 00 00 
              00 00 00 
              00 00 00 
              00 00 00 
              00 00 00 
              00 00 00 
              00 00 00 
              00 00 00 
              00 00 00 
              00 00 00 
              00 00 00 
              00 00 00 
              00 00 00 
              00 00 00 
              00 00 00 
              00 00 00 
              00 00 00 
              00 00 00 
              00 00 00 
              00 00 00 
              00 00 00 
              00 00 00 
              00 00 00 
              00 00 00 
              00 00 00 
              00 00 00 
              00 00 00 
              00 00 00 
              00 00 00 
              00 00 00 
              00 00 00 
              00 00 00 
              00 00 00 
              00 00 00 
              00 00 00 
              00 00 00 
              00 00 00 
              00 00 00 



ARM Macro Assembler    Page 5 


              00 00 00 
              00 00 00 
              00 00 00 
              00 00 00 
              00 00 00 
              00 00 00 
              00 00 00 
              00 00 00 
              00 00 00 
              00 00 00 
              00 00 00 
              00 00 00 
              00 00 00 
              00 00 00 
              00 00 00 
              00 00 00 
              00 00 00 
              00 00 00 
              00 00 00 
              00 00 00 
              00 00 00 
              00 00 00 
              00 00 00 
              00 00 00 
              00 00 00 
              00 00 00 
              00 00 00 
              00 00 00 
              00 00 00 
              00 00 00 
              00 00 00 
              00 00 00 
              00 00 00 
              00 00 00 
              00 00 00 
              00 00 00 
              00 00 00 
              00 00 00 
              00 00 00 
              00 00 00 
              00 00 00 
              00 00 00 
              00 00 00 
              00 00 00 
              00 00 00 
              00 00 00 
              00 00 00 
              00 00 00 
              00               SPACE            100*4
  128 00000190         
  129 00000190         ; Конец ассемблерного текста
  130 00000190                 END
Command Line: --debug --xref --width=132 --diag_suppress=9931 --cpu=Cortex-M4.fp.sp --depend=.\objects\9arithmeticopwithldm-stm.d -o
.\objects\9arithmeticopwithldm-stm.o -IC:\Users\user1\AppData\Local\Arm\Packs\ARM\CMSIS\5.9.0\Device\ARM\ARMCM4\Include --predefine=
"__UVISION_VERSION SETA 537" --predefine="ARMCM4_FP SETA 1" --list=.\listings\9arithmeticopwithldm-stm.lst src\AssemblerPractice\9Ar
ithmeticOpWithLDM-STM.s



ARM Macro Assembler    Page 1 Alphabetic symbol ordering
Relocatable symbols

A_ROM9 00000044

Symbol: A_ROM9
   Definitions
      At line 101 in file src\AssemblerPractice\9ArithmeticOpWithLDM-STM.s
   Uses
      At line 30 in file src\AssemblerPractice\9ArithmeticOpWithLDM-STM.s
Comment: A_ROM9 used once
A_ROM9_2 00000058

Symbol: A_ROM9_2
   Definitions
      At line 108 in file src\AssemblerPractice\9ArithmeticOpWithLDM-STM.s
   Uses
      At line 61 in file src\AssemblerPractice\9ArithmeticOpWithLDM-STM.s
Comment: A_ROM9_2 used once
A_ROM9_3 00000070

Symbol: A_ROM9_3
   Definitions
      At line 116 in file src\AssemblerPractice\9ArithmeticOpWithLDM-STM.s
   Uses
      At line 84 in file src\AssemblerPractice\9ArithmeticOpWithLDM-STM.s
Comment: A_ROM9_3 used once
ArithmeticOpWithLDM_STM 00000000

Symbol: ArithmeticOpWithLDM_STM
   Definitions
      At line 7 in file src\AssemblerPractice\9ArithmeticOpWithLDM-STM.s
   Uses
      At line 6 in file src\AssemblerPractice\9ArithmeticOpWithLDM-STM.s
Comment: ArithmeticOpWithLDM_STM used once
Back 00000002

Symbol: Back
   Definitions
      At line 20 in file src\AssemblerPractice\9ArithmeticOpWithLDM-STM.s
   Uses
      At line 49 in file src\AssemblerPractice\9ArithmeticOpWithLDM-STM.s
Comment: Back used once
BackLinkV1 0000002E

Symbol: BackLinkV1
   Definitions
      At line 71 in file src\AssemblerPractice\9ArithmeticOpWithLDM-STM.s
   Uses
      At line 67 in file src\AssemblerPractice\9ArithmeticOpWithLDM-STM.s
Comment: BackLinkV1 used once
BackLinkV2 00000040

Symbol: BackLinkV2
   Definitions
      At line 94 in file src\AssemblerPractice\9ArithmeticOpWithLDM-STM.s
   Uses
      At line 90 in file src\AssemblerPractice\9ArithmeticOpWithLDM-STM.s
Comment: BackLinkV2 used once
FF 0000006C

Symbol: FF



ARM Macro Assembler    Page 2 Alphabetic symbol ordering
Relocatable symbols

   Definitions
      At line 114 in file src\AssemblerPractice\9ArithmeticOpWithLDM-STM.s
   Uses
      None
Comment: FF unused
FFF 00000084

Symbol: FFF
   Definitions
      At line 122 in file src\AssemblerPractice\9ArithmeticOpWithLDM-STM.s
   Uses
      None
Comment: FFF unused
MyCode9 00000000

Symbol: MyCode9
   Definitions
      At line 2 in file src\AssemblerPractice\9ArithmeticOpWithLDM-STM.s
   Uses
      None
Comment: MyCode9 unused
Q 00000054

Symbol: Q
   Definitions
      At line 106 in file src\AssemblerPractice\9ArithmeticOpWithLDM-STM.s
   Uses
      None
Comment: Q unused
QQ 00000068

Symbol: QQ
   Definitions
      At line 113 in file src\AssemblerPractice\9ArithmeticOpWithLDM-STM.s
   Uses
      None
Comment: QQ unused
QQQ 00000080

Symbol: QQQ
   Definitions
      At line 121 in file src\AssemblerPractice\9ArithmeticOpWithLDM-STM.s
   Uses
      None
Comment: QQQ unused
Variation_1 00000004

Symbol: Variation_1
   Definitions
      At line 22 in file src\AssemblerPractice\9ArithmeticOpWithLDM-STM.s
   Uses
      None
Comment: Variation_1 unused
Variation_2 0000001E

Symbol: Variation_2
   Definitions
      At line 53 in file src\AssemblerPractice\9ArithmeticOpWithLDM-STM.s
   Uses



ARM Macro Assembler    Page 3 Alphabetic symbol ordering
Relocatable symbols

      None
Comment: Variation_2 unused
Variation_3 00000030

Symbol: Variation_3
   Definitions
      At line 76 in file src\AssemblerPractice\9ArithmeticOpWithLDM-STM.s
   Uses
      At line 17 in file src\AssemblerPractice\9ArithmeticOpWithLDM-STM.s
Comment: Variation_3 used once
W 00000050

Symbol: W
   Definitions
      At line 105 in file src\AssemblerPractice\9ArithmeticOpWithLDM-STM.s
   Uses
      None
Comment: W unused
WW 00000064

Symbol: WW
   Definitions
      At line 112 in file src\AssemblerPractice\9ArithmeticOpWithLDM-STM.s
   Uses
      None
Comment: WW unused
WWW 0000007C

Symbol: WWW
   Definitions
      At line 120 in file src\AssemblerPractice\9ArithmeticOpWithLDM-STM.s
   Uses
      None
Comment: WWW unused
X 00000044

Symbol: X
   Definitions
      At line 102 in file src\AssemblerPractice\9ArithmeticOpWithLDM-STM.s
   Uses
      None
Comment: X unused
XX 00000058

Symbol: XX
   Definitions
      At line 109 in file src\AssemblerPractice\9ArithmeticOpWithLDM-STM.s
   Uses
      None
Comment: XX unused
XXX 00000070

Symbol: XXX
   Definitions
      At line 117 in file src\AssemblerPractice\9ArithmeticOpWithLDM-STM.s
   Uses
      None
Comment: XXX unused
Y 00000048



ARM Macro Assembler    Page 4 Alphabetic symbol ordering
Relocatable symbols


Symbol: Y
   Definitions
      At line 103 in file src\AssemblerPractice\9ArithmeticOpWithLDM-STM.s
   Uses
      None
Comment: Y unused
YY 0000005C

Symbol: YY
   Definitions
      At line 110 in file src\AssemblerPractice\9ArithmeticOpWithLDM-STM.s
   Uses
      None
Comment: YY unused
YYY 00000074

Symbol: YYY
   Definitions
      At line 118 in file src\AssemblerPractice\9ArithmeticOpWithLDM-STM.s
   Uses
      None
Comment: YYY unused
Z 0000004C

Symbol: Z
   Definitions
      At line 104 in file src\AssemblerPractice\9ArithmeticOpWithLDM-STM.s
   Uses
      None
Comment: Z unused
ZZ 00000060

Symbol: ZZ
   Definitions
      At line 111 in file src\AssemblerPractice\9ArithmeticOpWithLDM-STM.s
   Uses
      None
Comment: ZZ unused
ZZZ 00000078

Symbol: ZZZ
   Definitions
      At line 119 in file src\AssemblerPractice\9ArithmeticOpWithLDM-STM.s
   Uses
      None
Comment: ZZZ unused
28 symbols



ARM Macro Assembler    Page 1 Alphabetic symbol ordering
Relocatable symbols

A_RAM9 00000000

Symbol: A_RAM9
   Definitions
      At line 126 in file src\AssemblerPractice\9ArithmeticOpWithLDM-STM.s
   Uses
      At line 45 in file src\AssemblerPractice\9ArithmeticOpWithLDM-STM.s
      At line 63 in file src\AssemblerPractice\9ArithmeticOpWithLDM-STM.s
      At line 86 in file src\AssemblerPractice\9ArithmeticOpWithLDM-STM.s

MyData 00000000

Symbol: MyData
   Definitions
      At line 125 in file src\AssemblerPractice\9ArithmeticOpWithLDM-STM.s
   Uses
      None
Comment: MyData unused
2 symbols



ARM Macro Assembler    Page 1 Alphabetic symbol ordering
Absolute symbols

N_32 00000006

Symbol: N_32
   Definitions
      At line 58 in file src\AssemblerPractice\9ArithmeticOpWithLDM-STM.s
   Uses
      At line 65 in file src\AssemblerPractice\9ArithmeticOpWithLDM-STM.s
      At line 88 in file src\AssemblerPractice\9ArithmeticOpWithLDM-STM.s

1 symbol



ARM Macro Assembler    Page 1 Alphabetic symbol ordering
External symbols

MUL_S32_S32 00000000

Symbol: MUL_S32_S32
   Definitions
      At line 79 in file src\AssemblerPractice\9ArithmeticOpWithLDM-STM.s
   Uses
      At line 92 in file src\AssemblerPractice\9ArithmeticOpWithLDM-STM.s
Comment: MUL_S32_S32 used once
MUL_U32_U32 00000000

Symbol: MUL_U32_U32
   Definitions
      At line 56 in file src\AssemblerPractice\9ArithmeticOpWithLDM-STM.s
   Uses
      At line 69 in file src\AssemblerPractice\9ArithmeticOpWithLDM-STM.s
Comment: MUL_U32_U32 used once
2 symbols
368 symbols in table
