


ARM Macro Assembler    Page 1 


    1 00000000         ; Макробиблиотека команд битового сопроцессора
    2 00000000         ;*********************************************************
    3 00000000         ; Загрузка бита с заданным номером в битовый аккумулятор
    4 00000000                 MACRO
    5 00000000                 L_Bit            $A,$R,$N
    6 00000000                 LSL              $A,$R,#(31-$N)
    7 00000000                 MEND
    8 00000000         ;********************************************************* 
    9 00000000         
   10 00000000         ;*********************************************************
   11 00000000         ; "Логическое И" бита с битовым аккумулятором
   12 00000000                 MACRO
   13 00000000                 AND_Bit          $A,$R,$N
   14 00000000                 ANDS             $A,$R,LSL #(31-$N)
   15 00000000                 MEND
   16 00000000         ;********************************************************* 
   17 00000000         ;*********************************************************
   18 00000000         ; "Логическое И НЕ" бита с битовым аккумулятором
   19 00000000                 MACRO
   20 00000000                 ANDN_Bit         $A,$R,$N
   21 00000000                 BICS             $A,$R,LSL #(31-$N)
   22 00000000                 MEND
   23 00000000         ;********************************************************* 
   24 00000000         ;*********************************************************
   25 00000000         ; "Логическое ИЛИ" бита с битовым аккумулятором
   26 00000000                 MACRO
   27 00000000                 ORR_Bit          $A,$R,$N
   28 00000000                 ORRS             $A,$R,LSL #(31-$N)
   29 00000000                 MEND
   30 00000000         ;********************************************************* 
   31 00000000         ;*********************************************************
   32 00000000         ; "Логическое ИЛИ НЕ" бита с битовым аккумулятором
   33 00000000                 MACRO
   34 00000000                 ORN_Bit          $A,$R,$N
   35 00000000                 ORNS             $A,$R,LSL #(31-$N)
   36 00000000                 MEND
   37 00000000         ;*********************************************************
   38 00000000         ;*********************************************************
   39 00000000         ; "Логическое Исключающее ИЛИ" бита с битовым аккумулятором
   40 00000000                 MACRO
   41 00000000                 EOR_Bit          $A,$R,$N
   42 00000000                 EORS             $A,$R,LSL #(31-$N)
   43 00000000                 MEND
   44 00000000         ;*********************************************************
   45 00000000         
   46 00000000         ;*********************************************************
   47 00000000         ; "Логическое НЕ" битового аккумулятора
   48 00000000                 MACRO
   49 00000000                 NOT_A            $A
   50 00000000                 MVNS             $A,$A
   51 00000000                 MEND
   52 00000000         ;*********************************************************
   53 00000000         
   54 00000000         ;*********************************************************
   55 00000000         ; Сохранить содержимое битового аккумулятора 
   56 00000000         ; в заданном бите регистра 
   57 00000000                 MACRO
   58 00000000                 S_Bit            $A, $R, $N
   59 00000000                 ORRMI            $R,#(1<<$N)



ARM Macro Assembler    Page 2 


   60 00000000                 BICPL            $R,#(1<<$N)
   61 00000000                 MEND
   62 00000000         ;*********************************************************
   63 00000000         
   64 00000000         ; Конец ассемблерного текста
   65 00000000                 END
Command Line: --debug --xref --width=132 --diag_suppress=9931 --cpu=Cortex-M4.fp.sp --depend=.\objects\macrobit.d -o.\objects\macrob
it.o -IC:\Users\user1\AppData\Local\Arm\Packs\ARM\CMSIS\5.9.0\Device\ARM\ARMCM4\Include --predefine="__UVISION_VERSION SETA 537" --p
redefine="ARMCM4_FP SETA 1" --list=.\listings\macrobit.lst src\AssemblerPractice\MacroBit.s
332 symbols in table
