


ARM Macro Assembler    Page 1 


    1 00000000         ; –û–±—ä—è–≤–∏—Ç—å –∫–æ–¥–æ–≤—É—é —Å–µ–∫—Ü–∏—é MyCode
    2 00000000                 AREA             MyCodeMULT, CODE, ReadOnly
    3 00000000         ; –û–±—ä–≤–∏—Ç—å –∏–º–µ–Ω–∞ –ø–æ–¥–ø—Ä–æ–≥—Ä–∞–º–º –≥–ª–æ–±–∞–ª—å–Ω—ã–º–∏ –ø–µ—Ä–µ–º–µ–Ω–Ω—ã–º–∏
    4 00000000                 EXPORT           MUL_U32_U32
    5 00000000                 EXPORT           MUL_S32_S32
    6 00000000         ; **************************************************************
    7 00000000         ; –ü–æ–¥–ø—Ä–æ–≥—Ä–∞–º–º–∞ –ø–æ–ø–∞—Ä–Ω–æ–≥–æ —É–º–Ω–æ–∂–µ–Ω–∏—è 32-—Ä–∞–∑–¥—Ä—è–¥–Ω—ã—Ö —Å–ª–æ–≤ –º–∞—Å—Å–∏–
                       ≤–∞
    8 00000000         ; —á–∏—Å–µ–ª –±–µ–∑ –∑–Ω–∞–∫–∞ —Å —Å–æ—Ö—Ä–∞–Ω–µ–Ω–∏–µ–º 64-—Ä–∞–∑—Ä—è–¥–Ω—ã—Ö –ø—Ä–æ–∏–∑–≤–µ–¥–µ–Ω–∏–π
    9 00000000         ; –≤ –æ–ø–µ—Ä–∞—Ç–∏–≤–Ω–æ–π –ø–∞–º—è—Ç–∏
   10 00000000         ; –í—Ö–æ–¥—ã: r0 - –Ω–∞—á–∞–ª—å–Ω—ã–π –∞–¥—Ä–µ—Å –º–∞—Å—Å–∏–≤–∞ –∏—Å—Ö–æ–¥–Ω—ã—Ö —Å–ª–æ–≤
   11 00000000         ;        r1 - –Ω–∞—á–∞–ª—å–Ω—ã–π –∞–¥—Ä–µ—Å –º–∞—Å—Å–∏–≤–∞ –ø—Ä–æ–∏–∑–≤–µ–¥–µ–Ω–∏–π –≤ –û–ó–£
   12 00000000         ;        r2 - —á–∏—Å–ª–æ –ø–∞—Ä –∏—Å—Ö–æ–¥–Ω—ã—Ö —Å–ª–æ–≤ (—Å—á–µ—Ç—á–∏–∫ —á–∏—Å–ª–∞ —Ü–∏–∫–ª–æ–≤)
   13 00000000         ;   r12 - –≤–æ–∑–≤—Ä–∞—Ç–Ω—ã–π —Ä–µ–≥–∏—Å—Ç—Ä –¥–ª—è –≤—ã—Ö–æ–¥–∞ –∏–∑ –ø–æ–¥–ø—Ä–æ–≥—Ä–∞–º–º—ã 
   14 00000000         ; –í—ã—Ö–æ–¥: –ú–∞—Å—Å–∏–≤ 64-–±–∏—Ç–æ–≤—ã—Ö —Å–ª–æ–≤-–ø—Ä–æ–∏–∑–≤–µ–¥–µ–Ω–∏–π –≤ –û–ó–£
   15 00000000         ; –ò—Å–ø–æ–ª—å–∑—É–µ–º—ã–µ —Ä–µ–≥–∏—Å—Ç—Ä—ã:
   16 00000000         ;        (r3,r4) - –ø–∞—Ä–∞ –∏—Å—Ö–æ–¥–Ω—ã—Ö 32-—Ä–∞–∑—Ä—è–¥–Ω—ã—Ö –æ–ø–µ—Ä–∞–Ω–¥–æ–≤
   17 00000000         ;        (r5,r6) - –ø–∞—Ä–∞ —Ä–µ–≥–∏—Å—Ç–æ–≤ –¥–ª—è —Ö—Ä–∞–Ω–µ–Ω–∏—è –ø—Ä–æ–∏–∑–≤–µ–¥–µ–Ω–∏—è
   18 00000000         ;***************************************************************
   19 00000000         MUL_U32_U32
   20 00000000         ; –ó–∞–≥—Ä—É–∑–∏—Ç—å –æ—á–µ—Ä–µ–¥–Ω—É—é –ø–∞—Ä—É –∏—Å—Ö–æ–¥–Ω—ã—Ö —Å–ª–æ–≤ –≤ —Ä–µ–≥–∏—Å—Ç—Ä—ã (r3,r4)
   21 00000000         ; c –∞–≤—Ç–æ- –ø–æ—Å—Ç- –∏–Ω–∫—Ä–µ–º–µ–Ω–∏—Ç—Ä–æ–≤–∞–Ω–∏–µ–º —É–∫–∞–∑–∞—Ç–µ–ª—è r0
   22 00000000 C818            LDM              r0!, {r3,r4}
   23 00000002         ; –ü–æ–ø–∞—Ä–Ω–æ —É–º–Ω–æ–∂–∏—Ç—å —Ç–µ–∫—É—â–∏–µ —Å–ª–æ–≤–∞ –±–µ–∑ –∑–Ω–∞–∫–∞ —Å —Å–æ—Ö—Ä–∞–Ω–µ–Ω–∏–µ–º
   24 00000002         ; –ø—Ä–æ–∏–∑–≤–µ–¥–µ–Ω–∏—è –≤ —Ä–µ–≥–∏—Å—Ç—Ä–∞—Ö (r5,r6)    
   25 00000002 FBA3 5604       UMULL            r5, r6, r3, r4
   26 00000006         ; –°–æ—Ö—Ä–∞–Ω–∏—Ç—å —Ç–µ–∫—É—â–µ–µ –ø—Ä–æ–∏–∑–≤–µ–¥–µ–Ω–∏–µ –≤ –æ–ø–µ—Ä–∞—Ç–∏–≤–Ω–æ–π –ø–∞–º—è—Ç–∏ —Å 
   27 00000006         ; –ø–æ—Å—Ç- –∞–≤—Ç–æ- –∏–Ω–∫—Ä–µ–º–µ–Ω—Ç–∏—Ä–æ–≤–∞–Ω–∏–µ–º —É–∫–∞–∑–∞—Ç–µ–ª—è r1
   28 00000006 C160            STM              r1!, {r5,r6}
   29 00000008         ; –î–µ–∫—Ä–µ–º–µ–Ω—Ç–∏—Ä–æ–≤–∞—Ç—å —Å—á–µ—Ç—á–∏–∫ —á–∏—Å–ª–∞ —Ü–∏–∫–ª–æ–≤, –∏ –µ—Å–ª–∏ –Ω–µ –≤—Å–µ
   30 00000008         ; –æ–ø–µ—Ä–∞—Ü–∏–∏ —É–º–Ω–æ–∂–µ–Ω–∏—è –≤—ã–ø–æ–ª–Ω–µ–Ω—ã, - –ø–æ–≤—Ç–æ—Ä–∏—Ç—å 
   31 00000008 3A01            SUBS             r2, #1
   32 0000000A D1FE            BNE              MUL_U32_U32
   33 0000000C         ; –í–µ—Ä–Ω—É—Ç—å—Å—è –≤ –æ—Å–Ω–æ–≤–Ω—É—é –ø—Ä–æ–≥—Ä–∞–º–º—É
   34 0000000C 4760            BX               r12
   35 0000000E         ;---------------------------------------------------------------   
   36 0000000E         
   37 0000000E         ; **************************************************************
   38 0000000E         ; –ü–æ–¥–ø—Ä–æ–≥—Ä–∞–º–º–∞ –ø–æ–ø–∞—Ä–Ω–æ–≥–æ —É–º–Ω–æ–∂–µ–Ω–∏—è 32-—Ä–∞–∑–¥—Ä—è–¥–Ω—ã—Ö —Å–ª–æ–≤ –º–∞—Å—Å–∏–
                       ≤–∞
   39 0000000E         ; —á–∏—Å–µ–ª —Å–æ –∑–Ω–∞–∫–æ–º —Å —Å–æ—Ö—Ä–∞–Ω–µ–Ω–∏–µ–º 64-—Ä–∞–∑—Ä—è–¥–Ω—ã—Ö –ø—Ä–æ–∏–∑–≤–µ–¥–µ–Ω–∏–π
   40 0000000E         ; –≤ –æ–ø–µ—Ä–∞—Ç–∏–≤–Ω–æ–π –ø–∞–º—è—Ç–∏
   41 0000000E         ; –í—Ö–æ–¥—ã: r0 - –Ω–∞—á–∞–ª—å–Ω—ã–π –∞–¥—Ä–µ—Å –º–∞—Å—Å–∏–≤–∞ –∏—Å—Ö–æ–¥–Ω—ã—Ö —Å–ª–æ–≤
   42 0000000E         ;        r1 - –Ω–∞—á–∞–ª—å–Ω—ã–π –∞–¥—Ä–µ—Å –º–∞—Å—Å–∏–≤–∞ –ø—Ä–æ–∏–∑–≤–µ–¥–µ–Ω–∏–π –≤ –û–ó–£
   43 0000000E         ;        r2 - —á–∏—Å–ª–æ –ø–∞—Ä –∏—Å—Ö–æ–¥–Ω—ã—Ö —Å–ª–æ–≤ (—Å—á–µ—Ç—á–∏–∫ —á–∏—Å–ª–∞ —Ü–∏–∫–ª–æ–≤)
   44 0000000E         ;   r12 - –≤–æ–∑–≤—Ä–∞—Ç–Ω—ã–π —Ä–µ–≥–∏—Å—Ç—Ä –¥–ª—è –≤—ã—Ö–æ–¥–∞ –∏–∑ –ø–æ–¥–ø—Ä–æ–≥—Ä–∞–º–º—ã 
   45 0000000E         ; –í—ã—Ö–æ–¥: –ú–∞—Å—Å–∏–≤ 64-–±–∏—Ç–æ–≤—ã—Ö —Å–ª–æ–≤-–ø—Ä–æ–∏–∑–≤–µ–¥–µ–Ω–∏–π –≤ –û–ó–£
   46 0000000E         ; –ò—Å–ø–æ–ª—å–∑—É–µ–º—ã–µ —Ä–µ–≥–∏—Å—Ç—Ä—ã:
   47 0000000E         ;        (r3,r4) - –ø–∞—Ä–∞ –∏—Å—Ö–æ–¥–Ω—ã—Ö 32-—Ä–∞–∑—Ä—è–¥–Ω—ã—Ö –æ–ø–µ—Ä–∞–Ω–¥–æ–≤
   48 0000000E         ;        (r5,r6) - –ø–∞—Ä–∞ —Ä–µ–≥–∏—Å—Ç–æ–≤ –¥–ª—è —Ö—Ä–∞–Ω–µ–Ω–∏—è –ø—Ä–æ–∏–∑–≤–µ–¥–µ–Ω–∏—è
   49 0000000E         ;***************************************************************
   50 0000000E         MUL_S32_S32
   51 0000000E         ; –ó–∞–≥—Ä—É–∑–∏—Ç—å –æ—á–µ—Ä–µ–¥–Ω—É—é –ø–∞—Ä—É –∏—Å—Ö–æ–¥–Ω—ã—Ö —Å–ª–æ–≤ –≤ —Ä–µ–≥–∏—Å—Ç—Ä—ã (r3,r4)
   52 0000000E         ; c –∞–≤—Ç–æ- –ø–æ—Å—Ç- –∏–Ω–∫—Ä–µ–º–µ–Ω–∏—Ç—Ä–æ–≤–∞–Ω–∏–µ–º —É–∫–∞–∑–∞—Ç–µ–ª—è r0
   53 0000000E C818            LDM              r0!,{r3,r4}
   54 00000010         ; –ü–æ–ø–∞—Ä–Ω–æ —É–º–Ω–æ–∂–∏—Ç—å —Ç–µ–∫—É—â–∏–µ —Å–ª–æ–≤–∞ —Å–æ –∑–Ω–∞–∫–æ–º —Å —Å–æ—Ö—Ä–∞–Ω–µ–Ω–∏–µ–º
   55 00000010         ; –ø—Ä–æ–∏–∑–≤–µ–¥–µ–Ω–∏—è –≤ —Ä–µ–≥–∏—Å—Ç—Ä–∞—Ö (r5,r6)    
   56 00000010 FB83 5604       SMULL            r5, r6, r3, r4
   57 00000014         ; –°–æ—Ö—Ä–∞–Ω–∏—Ç—å —Ç–µ–∫—É—â–µ–µ –ø—Ä–æ–∏–∑–≤–µ–¥–µ–Ω–∏–µ –≤ –æ–ø–µ—Ä–∞—Ç–∏–≤–Ω–æ–π –ø–∞–º—è—Ç–∏ —Å 



ARM Macro Assembler    Page 2 


   58 00000014         ; –ø–æ—Å—Ç- –∞–≤—Ç–æ- –∏–Ω–∫—Ä–µ–º–µ–Ω—Ç–∏—Ä–æ–≤–∞–Ω–∏–µ–º —É–∫–∞–∑–∞—Ç–µ–ª—è r1
   59 00000014 C160            STM              r1!, {r5,r6}
   60 00000016         ; –î–µ–∫—Ä–µ–º–µ–Ω—Ç–∏—Ä–æ–≤–∞—Ç—å —Å—á–µ—Ç—á–∏–∫ —á–∏—Å–ª–∞ —Ü–∏–∫–ª–æ–≤, –∏ –µ—Å–ª–∏ –Ω–µ –≤—Å–µ
   61 00000016         ; –æ–ø–µ—Ä–∞—Ü–∏–∏ —É–º–Ω–æ–∂–µ–Ω–∏—è –≤—ã–ø–æ–ª–Ω–µ–Ω—ã, - –ø–æ–≤—Ç–æ—Ä–∏—Ç—å 
   62 00000016 3A01            SUBS             r2, #1
   63 00000018 D1FE            BNE              MUL_S32_S32
   64 0000001A         ; –í–µ—Ä–Ω—É—Ç—å—Å—è –≤ –æ—Å–Ω–æ–≤–Ω—É—é –ø—Ä–æ–≥—Ä–∞–º–º—É
   65 0000001A 4760            BX               r12
   66 0000001C         ;--------------------------------------------------------------- 
   67 0000001C         ; –ö–æ–Ω–µ—Ü –∞—Å—Å–µ–º–±–ª–µ—Ä–Ω–æ–≥–æ —Ç–µ–∫—Å—Ç–∞
   68 0000001C                 END
Command Line: --debug --xref --width=132 --diag_suppress=9931 --cpu=Cortex-M4.fp.sp --depend=.\objects\mult32us.d -o.\objects\mult32
us.o -IC:\Users\user1\AppData\Local\Arm\Packs\ARM\CMSIS\5.9.0\Device\ARM\ARMCM4\Include --predefine="__UVISION_VERSION SETA 537" --p
redefine="ARMCM4_FP SETA 1" --list=.\listings\mult32us.lst src\AssemblerPractice\MULT32US.s



ARM Macro Assembler    Page 1 Alphabetic symbol ordering
Relocatable symbols

MUL_S32_S32 0000000E

Symbol: MUL_S32_S32
   Definitions
      At line 50 in file src\AssemblerPractice\MULT32US.s
   Uses
      At line 5 in file src\AssemblerPractice\MULT32US.s
      At line 63 in file src\AssemblerPractice\MULT32US.s

MUL_U32_U32 00000000

Symbol: MUL_U32_U32
   Definitions
      At line 19 in file src\AssemblerPractice\MULT32US.s
   Uses
      At line 4 in file src\AssemblerPractice\MULT32US.s
      At line 32 in file src\AssemblerPractice\MULT32US.s

MyCodeMULT 00000000

Symbol: MyCodeMULT
   Definitions
      At line 2 in file src\AssemblerPractice\MULT32US.s
   Uses
      None
Comment: MyCodeMULT unused
3 symbols
336 symbols in table
