


ARM Macro Assembler    Page 1 


    1 00000000         ; Программый модуль стартового файла StartUp_1
    2 00000000         ; Определить переменную "Размер стека" (1 К байт)
    3 00000000 00000400 
                       Stack_Size
                               EQU              0x00000400
    4 00000000         ; Объявить секцию данных для размещения стека системы
    5 00000000         ; без инициализации памяти, с атрибутом выравнивания 
    6 00000000         ; по 8 байтам
    7 00000000                 AREA             STACK, NOINIT, READWRITE, ALIGN=3
    8 00000000         ; Зарезервировать область памяти под стек 
    9 00000000         ; с числом байт Stack_Size            
   10 00000000         Stack_Mem
                               SPACE            Stack_Size  ; (1 К байт)
   11 00000400         ; Метка вершины стека (авто-декрементный стек)
   12 00000400         __initial_sp
   13 00000400         
   14 00000400         ; Vector Table 
   15 00000400         ; Объявить секцию для размещения таблицы векторов 
   16 00000400         ; прерываний/исключений
   17 00000400         ; Для компановщика определяется как область памяти 
   18 00000400         ; данных RESET. Будет автоматически размещена компоновщиком 
   19 00000400         ; в начале памяти программ
   20 00000400                 AREA             RESET, DATA, READONLY
   21 00000000         ; Объявить параметры таблицы векторов - глобальными именами
                       
   22 00000000                 EXPORT           __Vectors
   23 00000000                 EXPORT           __Vectors_End
   24 00000000                 EXPORT           __Vectors_Size
   25 00000000         ; Инициализация векторов обработчиков 
   26 00000000         ; прерываний/исключений
   27 00000000 00000000 
                       __Vectors
                               DCD              __initial_sp ; Вершина стека - Top of Stack 
   28 00000004 00000000        DCD              Reset_Handler ; Точка выхода в обработчик исключения
                                                            
   29 00000008         ; по сбросу процессора Reset Handler
   30 00000008 00000000        DCD              NMI_Handler ; Точка входа в обработчик
   31 0000000C         ; немаскируемого прерывания NMI
   32 0000000C         ;        ...
   33 0000000C         ; Далее по аналогии могут быть объявлены и остальные 
   34 0000000C         ; вектора обработчиков прерываний/исключений
   35 0000000C         __Vectors_End
   36 0000000C 0000000C 
                       __Vectors_Size
                               EQU              __Vectors_End - __Vectors
   37 0000000C         
   38 0000000C         ; Объявление кодовой секции для размещения 
   39 0000000C         ; подпрограмм обработчиков прерываний/исключений
   40 0000000C                 AREA             |.text|, CODE, READONLY
   41 00000000         
   42 00000000         ; Обработчик прерывания по сбросу процессора Reset
   43 00000000         Reset_Handler
                               PROC
   44 00000000         ; Объявить процедуру Reset_Handler общедоступной
   45 00000000         ; Она может быть перепрограммирована в последующем
   46 00000000         ; Поэтому - используется опция WEAK ("Слабая метка")
   47 00000000                 EXPORT           Reset_Handler [WEAK]
   48 00000000         ; Иницализация процессора (через регистр CONTROL)
   49 00000000         ;        ...



ARM Macro Assembler    Page 2 


   50 00000000         ; В данной версии стартового файла не выполняется
   51 00000000         ; Процессор будет работать по умолчанию 
   52 00000000         ; в режиме потока (Thread Mode) 
   53 00000000         ; с привилегированным доступом ко всем ресурсам (Privilegied)
   54 00000000         ; с пока выключенным сопроцессором FPU
   55 00000000         
   56 00000000         ; Передать управление пользовательской программе MyProg
   57 00000000         ; Объявление точки входа в программу пользователя 
   58 00000000         ; (внешняя метка)  
   59 00000000                 IMPORT           Main
   60 00000000         ; Псевдо-команда: загрузить адрес MyProg в регистр r0
   61 00000000 4801            LDR              r0, =Main   ; r0 <- адрес точки входа  
   62 00000002         ; Косвенная передача управления программе пользователя       
                        
   63 00000002 4700            BX               r0          ; PC <- (r0)
   64 00000004                 ENDP                         ; Конец процедуры Reset_Handler
   65 00000004         
   66 00000004         ; "Пустой" обработчик немаскируемого прерывания NMI ("шаблон")
   67 00000004         NMI_Handler
                               PROC
   68 00000004         ; Объявить процедуру NMI_Handler общедоступной
   69 00000004         ; В дальнейшем может быть перепрограммирована, 
   70 00000004         ; использована опция WEAK ("Слабая метка")
   71 00000004                 EXPORT           NMI_Handler [WEAK]
   72 00000004         ; Зациклить программу обработчика 
   73 00000004 E7FE            B                .
   74 00000006                 ENDP                         ; Конец процедуры NMI_Handler
   75 00000006         ; Выровнять кодовую секцию по 4-х байтовому слову
   76 00000006 00 00           ALIGN
   77 00000008         ; Конец ассемблерного текста стартового модуля         
   78 00000008                 END
              00000000 
Command Line: --debug --xref --width=132 --diag_suppress=9931 --cpu=Cortex-M4.fp.sp --depend=.\objects\startup1.d -o.\objects\startu
p1.o -IC:\Users\user1\AppData\Local\Arm\Packs\ARM\CMSIS\5.9.0\Device\ARM\ARMCM4\Include --predefine="__UVISION_VERSION SETA 537" --p
redefine="ARMCM4_FP SETA 1" --list=.\listings\startup1.lst src\StartUpAndInterrupts\StartUp1.s



ARM Macro Assembler    Page 1 Alphabetic symbol ordering
Relocatable symbols

STACK 00000000

Symbol: STACK
   Definitions
      At line 7 in file src\StartUpAndInterrupts\StartUp1.s
   Uses
      None
Comment: STACK unused
Stack_Mem 00000000

Symbol: Stack_Mem
   Definitions
      At line 10 in file src\StartUpAndInterrupts\StartUp1.s
   Uses
      None
Comment: Stack_Mem unused
__initial_sp 00000400

Symbol: __initial_sp
   Definitions
      At line 12 in file src\StartUpAndInterrupts\StartUp1.s
   Uses
      At line 27 in file src\StartUpAndInterrupts\StartUp1.s
Comment: __initial_sp used once
3 symbols



ARM Macro Assembler    Page 1 Alphabetic symbol ordering
Relocatable symbols

RESET 00000000

Symbol: RESET
   Definitions
      At line 20 in file src\StartUpAndInterrupts\StartUp1.s
   Uses
      None
Comment: RESET unused
__Vectors 00000000

Symbol: __Vectors
   Definitions
      At line 27 in file src\StartUpAndInterrupts\StartUp1.s
   Uses
      At line 22 in file src\StartUpAndInterrupts\StartUp1.s
      At line 36 in file src\StartUpAndInterrupts\StartUp1.s

__Vectors_End 0000000C

Symbol: __Vectors_End
   Definitions
      At line 35 in file src\StartUpAndInterrupts\StartUp1.s
   Uses
      At line 23 in file src\StartUpAndInterrupts\StartUp1.s
      At line 36 in file src\StartUpAndInterrupts\StartUp1.s

3 symbols



ARM Macro Assembler    Page 1 Alphabetic symbol ordering
Relocatable symbols

.text 00000000

Symbol: .text
   Definitions
      At line 40 in file src\StartUpAndInterrupts\StartUp1.s
   Uses
      None
Comment: .text unused
NMI_Handler 00000004

Symbol: NMI_Handler
   Definitions
      At line 67 in file src\StartUpAndInterrupts\StartUp1.s
   Uses
      At line 30 in file src\StartUpAndInterrupts\StartUp1.s
      At line 71 in file src\StartUpAndInterrupts\StartUp1.s

Reset_Handler 00000000

Symbol: Reset_Handler
   Definitions
      At line 43 in file src\StartUpAndInterrupts\StartUp1.s
   Uses
      At line 28 in file src\StartUpAndInterrupts\StartUp1.s
      At line 47 in file src\StartUpAndInterrupts\StartUp1.s

3 symbols



ARM Macro Assembler    Page 1 Alphabetic symbol ordering
Absolute symbols

Stack_Size 00000400

Symbol: Stack_Size
   Definitions
      At line 3 in file src\StartUpAndInterrupts\StartUp1.s
   Uses
      At line 10 in file src\StartUpAndInterrupts\StartUp1.s
Comment: Stack_Size used once
__Vectors_Size 0000000C

Symbol: __Vectors_Size
   Definitions
      At line 36 in file src\StartUpAndInterrupts\StartUp1.s
   Uses
      At line 24 in file src\StartUpAndInterrupts\StartUp1.s
Comment: __Vectors_Size used once
2 symbols



ARM Macro Assembler    Page 1 Alphabetic symbol ordering
External symbols

Main 00000000

Symbol: Main
   Definitions
      At line 59 in file src\StartUpAndInterrupts\StartUp1.s
   Uses
      At line 61 in file src\StartUpAndInterrupts\StartUp1.s
Comment: Main used once
1 symbol
347 symbols in table
